12:10:47 INFO  : Registering command handlers for SDK TCF services
12:10:49 INFO  : Launching XSCT server: xsct.bat -interactive D:\backup_files\edge_zynq_codes\EDGE_ZYNQ_7020_CODES\PS_EXAMPLES\GESTURE_TFT\gesture_tft.sdk\temp_xsdb_launch_script.tcl
12:10:58 INFO  : XSCT server has started successfully.
12:11:03 INFO  : Successfully done setting XSCT server connection channel  
12:11:03 INFO  : Processing command line option -hwspec D:/backup_files/edge_zynq_codes/EDGE_ZYNQ_7020_CODES/PS_EXAMPLES/GESTURE_TFT/gesture_tft.sdk/design_1_wrapper.hdf.
12:11:03 INFO  : Successfully done setting SDK workspace  
18:37:41 INFO  : Launching XSCT server: xsct.bat -interactive D:\backup_files\edge_zynq_codes\EDGE_ZYNQ_7020_CODES\PS_EXAMPLES\GESTURE_TFT\gesture_tft.sdk\temp_xsdb_launch_script.tcl
18:37:47 INFO  : XSCT server has started successfully.
18:37:50 INFO  : Successfully done setting XSCT server connection channel  
18:37:50 INFO  : Successfully done setting SDK workspace  
18:38:11 INFO  : Registering command handlers for SDK TCF services
18:38:11 INFO  : Processing command line option -hwspec D:/backup_files/edge_zynq_codes/EDGE_ZYNQ_7020_CODES/PS_EXAMPLES/GESTURE_TFT/gesture_tft.sdk/design_1_wrapper.hdf.
18:38:11 INFO  : Checking for hwspec changes in the project design_1_wrapper_hw_platform_0.
10:29:35 INFO  : Launching XSCT server: xsct.bat -interactive D:\backup_files\edge_zynq_codes\EDGE_ZYNQ_7020_CODES\PS_EXAMPLES\GESTURE_TFT\gesture_tft.sdk\temp_xsdb_launch_script.tcl
10:29:44 INFO  : XSCT server has started successfully.
10:29:44 INFO  : Successfully done setting XSCT server connection channel  
10:29:44 INFO  : Successfully done setting SDK workspace  
10:30:00 INFO  : Registering command handlers for SDK TCF services
10:30:00 INFO  : Processing command line option -hwspec D:/backup_files/edge_zynq_codes/EDGE_ZYNQ_7020_CODES/PS_EXAMPLES/GESTURE_TFT/gesture_tft.sdk/design_1_wrapper.hdf.
10:30:01 INFO  : Checking for hwspec changes in the project design_1_wrapper_hw_platform_0.
10:30:01 INFO  : SDK has detected change in the last modified timestamps for source hardware specification file Source:1606885078795,  Project:1599719753209
10:30:01 INFO  : The hardware specification for project 'design_1_wrapper_hw_platform_0' is different from D:/backup_files/edge_zynq_codes/EDGE_ZYNQ_7020_CODES/PS_EXAMPLES/GESTURE_TFT/gesture_tft.sdk/design_1_wrapper.hdf.
10:30:01 INFO  : Copied contents of D:/backup_files/edge_zynq_codes/EDGE_ZYNQ_7020_CODES/PS_EXAMPLES/GESTURE_TFT/gesture_tft.sdk/design_1_wrapper.hdf into \design_1_wrapper_hw_platform_0\system.hdf.
10:31:15 INFO  : Synchronizing projects in the workspace with the hardware platform specification changes.
10:31:38 INFO  : 
10:31:39 INFO  : Updating hardware inferred compiler options for Gesture_tft.
10:31:39 INFO  : Clearing existing target manager status.
10:31:39 INFO  : Closing and re-opening the MSS file of ther project Gesture_tft_bsp
10:31:41 INFO  : Workspace synchronized with the new hardware specification file. Cleaning dependent projects...
10:31:42 WARN  : Linker script will not be updated automatically. Users need to update it manually.
10:32:39 INFO  : Connected to target on host '127.0.0.1' and port '3121'.
10:32:41 INFO  : 'targets -set -filter {jtag_cable_name =~ "Digilent Edge 210319A288EEA" && level==0} -index 1' command is executed.
10:32:44 INFO  : FPGA configured successfully with bitstream "D:/backup_files/edge_zynq_codes/EDGE_ZYNQ_7020_CODES/PS_EXAMPLES/GESTURE_TFT/gesture_tft.sdk/design_1_wrapper_hw_platform_0/design_1_wrapper.bit"
10:32:54 INFO  : 'targets -set -filter {jtag_cable_name =~ "Digilent Edge 210319A288EEA" && level==0} -index 1' command is executed.
10:32:54 INFO  : 'fpga -state' command is executed.
10:32:54 INFO  : Connected to target on host '127.0.0.1' and port '3121'.
10:32:55 INFO  : Jtag cable 'Digilent Edge 210319A288EEA' is selected.
10:32:55 INFO  : 'jtag frequency' command is executed.
10:32:55 INFO  : Sourcing of 'D:/backup_files/edge_zynq_codes/EDGE_ZYNQ_7020_CODES/PS_EXAMPLES/GESTURE_TFT/gesture_tft.sdk/design_1_wrapper_hw_platform_0/ps7_init.tcl' is done.
10:32:55 INFO  : Context for 'APU' is selected.
10:32:55 INFO  : Hardware design information is loaded from 'D:/backup_files/edge_zynq_codes/EDGE_ZYNQ_7020_CODES/PS_EXAMPLES/GESTURE_TFT/gesture_tft.sdk/design_1_wrapper_hw_platform_0/system.hdf'.
10:32:55 INFO  : 'configparams force-mem-access 1' command is executed.
10:32:55 INFO  : Context for 'APU' is selected.
10:32:55 INFO  : 'stop' command is executed.
10:32:56 INFO  : 'ps7_init' command is executed.
10:32:56 INFO  : 'ps7_post_config' command is executed.
10:32:56 INFO  : Context for processor 'ps7_cortexa9_0' is selected.
10:32:56 INFO  : Processor reset is completed for 'ps7_cortexa9_0'.
10:32:56 INFO  : Context for processor 'ps7_cortexa9_0' is selected.
10:32:56 INFO  : The application 'D:/backup_files/edge_zynq_codes/EDGE_ZYNQ_7020_CODES/PS_EXAMPLES/GESTURE_TFT/gesture_tft.sdk/Gesture_tft/Debug/Gesture_tft.elf' is downloaded to processor 'ps7_cortexa9_0'.
10:32:56 INFO  : 'configparams force-mem-access 0' command is executed.
10:32:56 INFO  : ----------------XSDB Script----------------
connect -url tcp:127.0.0.1:3121
source D:/backup_files/edge_zynq_codes/EDGE_ZYNQ_7020_CODES/PS_EXAMPLES/GESTURE_TFT/gesture_tft.sdk/design_1_wrapper_hw_platform_0/ps7_init.tcl
targets -set -nocase -filter {name =~"APU*" && jtag_cable_name =~ "Digilent Edge 210319A288EEA"} -index 0
loadhw -hw D:/backup_files/edge_zynq_codes/EDGE_ZYNQ_7020_CODES/PS_EXAMPLES/GESTURE_TFT/gesture_tft.sdk/design_1_wrapper_hw_platform_0/system.hdf -mem-ranges [list {0x40000000 0xbfffffff}]
configparams force-mem-access 1
targets -set -nocase -filter {name =~"APU*" && jtag_cable_name =~ "Digilent Edge 210319A288EEA"} -index 0
stop
ps7_init
ps7_post_config
targets -set -nocase -filter {name =~ "ARM*#0" && jtag_cable_name =~ "Digilent Edge 210319A288EEA"} -index 0
rst -processor
targets -set -nocase -filter {name =~ "ARM*#0" && jtag_cable_name =~ "Digilent Edge 210319A288EEA"} -index 0
dow D:/backup_files/edge_zynq_codes/EDGE_ZYNQ_7020_CODES/PS_EXAMPLES/GESTURE_TFT/gesture_tft.sdk/Gesture_tft/Debug/Gesture_tft.elf
configparams force-mem-access 0
----------------End of Script----------------

10:32:56 INFO  : Memory regions updated for context APU
10:32:56 INFO  : Context for processor 'ps7_cortexa9_0' is selected.
10:32:57 INFO  : 'con' command is executed.
10:32:57 INFO  : ----------------XSDB Script (After Launch)----------------
targets -set -nocase -filter {name =~ "ARM*#0" && jtag_cable_name =~ "Digilent Edge 210319A288EEA"} -index 0
con
----------------End of Script----------------

10:32:57 INFO  : Launch script is exported to file 'D:\backup_files\edge_zynq_codes\EDGE_ZYNQ_7020_CODES\PS_EXAMPLES\GESTURE_TFT\gesture_tft.sdk\.sdk\launch_scripts\xilinx_c-c++_application_(system_debugger)\system_debugger_using_debug_gesture_tft.elf_on_local.tcl'
10:33:19 INFO  : Disconnected from the channel tcfchan#1.
10:33:21 INFO  : 'targets -set -filter {jtag_cable_name =~ "Digilent Edge 210319A288EEA" && level==0} -index 1' command is executed.
10:33:21 INFO  : 'fpga -state' command is executed.
10:33:21 INFO  : Connected to target on host '127.0.0.1' and port '3121'.
10:33:21 INFO  : Jtag cable 'Digilent Edge 210319A288EEA' is selected.
10:33:21 INFO  : 'jtag frequency' command is executed.
10:33:21 INFO  : Sourcing of 'D:/backup_files/edge_zynq_codes/EDGE_ZYNQ_7020_CODES/PS_EXAMPLES/GESTURE_TFT/gesture_tft.sdk/design_1_wrapper_hw_platform_0/ps7_init.tcl' is done.
10:33:21 INFO  : Context for 'APU' is selected.
10:33:23 INFO  : Hardware design information is loaded from 'D:/backup_files/edge_zynq_codes/EDGE_ZYNQ_7020_CODES/PS_EXAMPLES/GESTURE_TFT/gesture_tft.sdk/design_1_wrapper_hw_platform_0/system.hdf'.
10:33:23 INFO  : 'configparams force-mem-access 1' command is executed.
10:33:23 INFO  : Context for 'APU' is selected.
10:33:23 INFO  : 'stop' command is executed.
10:33:24 INFO  : 'ps7_init' command is executed.
10:33:24 INFO  : 'ps7_post_config' command is executed.
10:33:24 INFO  : Context for processor 'ps7_cortexa9_0' is selected.
10:33:24 INFO  : Processor reset is completed for 'ps7_cortexa9_0'.
10:33:24 INFO  : Context for processor 'ps7_cortexa9_0' is selected.
10:33:24 INFO  : The application 'D:/backup_files/edge_zynq_codes/EDGE_ZYNQ_7020_CODES/PS_EXAMPLES/GESTURE_TFT/gesture_tft.sdk/Gesture_tft/Debug/Gesture_tft.elf' is downloaded to processor 'ps7_cortexa9_0'.
10:33:24 INFO  : 'configparams force-mem-access 0' command is executed.
10:33:24 INFO  : ----------------XSDB Script----------------
connect -url tcp:127.0.0.1:3121
source D:/backup_files/edge_zynq_codes/EDGE_ZYNQ_7020_CODES/PS_EXAMPLES/GESTURE_TFT/gesture_tft.sdk/design_1_wrapper_hw_platform_0/ps7_init.tcl
targets -set -nocase -filter {name =~"APU*" && jtag_cable_name =~ "Digilent Edge 210319A288EEA"} -index 0
loadhw -hw D:/backup_files/edge_zynq_codes/EDGE_ZYNQ_7020_CODES/PS_EXAMPLES/GESTURE_TFT/gesture_tft.sdk/design_1_wrapper_hw_platform_0/system.hdf -mem-ranges [list {0x40000000 0xbfffffff}]
configparams force-mem-access 1
targets -set -nocase -filter {name =~"APU*" && jtag_cable_name =~ "Digilent Edge 210319A288EEA"} -index 0
stop
ps7_init
ps7_post_config
targets -set -nocase -filter {name =~ "ARM*#0" && jtag_cable_name =~ "Digilent Edge 210319A288EEA"} -index 0
rst -processor
targets -set -nocase -filter {name =~ "ARM*#0" && jtag_cable_name =~ "Digilent Edge 210319A288EEA"} -index 0
dow D:/backup_files/edge_zynq_codes/EDGE_ZYNQ_7020_CODES/PS_EXAMPLES/GESTURE_TFT/gesture_tft.sdk/Gesture_tft/Debug/Gesture_tft.elf
configparams force-mem-access 0
----------------End of Script----------------

10:33:24 INFO  : Memory regions updated for context APU
10:33:25 INFO  : Context for processor 'ps7_cortexa9_0' is selected.
10:33:25 INFO  : 'con' command is executed.
10:33:25 INFO  : ----------------XSDB Script (After Launch)----------------
targets -set -nocase -filter {name =~ "ARM*#0" && jtag_cable_name =~ "Digilent Edge 210319A288EEA"} -index 0
con
----------------End of Script----------------

10:33:25 INFO  : Launch script is exported to file 'D:\backup_files\edge_zynq_codes\EDGE_ZYNQ_7020_CODES\PS_EXAMPLES\GESTURE_TFT\gesture_tft.sdk\.sdk\launch_scripts\xilinx_c-c++_application_(system_debugger)\system_debugger_using_debug_gesture_tft.elf_on_local.tcl'
10:33:50 INFO  : Connected to target on host '127.0.0.1' and port '3121'.
10:33:53 INFO  : 'targets -set -filter {jtag_cable_name =~ "Digilent Edge 210319A288EEA" && level==0} -index 1' command is executed.
10:33:55 INFO  : FPGA configured successfully with bitstream "D:/backup_files/edge_zynq_codes/EDGE_ZYNQ_7020_CODES/PS_EXAMPLES/GESTURE_TFT/gesture_tft.sdk/design_1_wrapper_hw_platform_0/design_1_wrapper.bit"
10:34:02 INFO  : Disconnected from the channel tcfchan#2.
10:34:03 INFO  : 'targets -set -filter {jtag_cable_name =~ "Digilent Edge 210319A288EEA" && level==0} -index 1' command is executed.
10:34:03 INFO  : 'fpga -state' command is executed.
10:34:03 INFO  : Connected to target on host '127.0.0.1' and port '3121'.
10:34:04 INFO  : Jtag cable 'Digilent Edge 210319A288EEA' is selected.
10:34:04 INFO  : 'jtag frequency' command is executed.
10:34:04 INFO  : Sourcing of 'D:/backup_files/edge_zynq_codes/EDGE_ZYNQ_7020_CODES/PS_EXAMPLES/GESTURE_TFT/gesture_tft.sdk/design_1_wrapper_hw_platform_0/ps7_init.tcl' is done.
10:34:04 INFO  : Context for 'APU' is selected.
10:34:04 INFO  : Hardware design information is loaded from 'D:/backup_files/edge_zynq_codes/EDGE_ZYNQ_7020_CODES/PS_EXAMPLES/GESTURE_TFT/gesture_tft.sdk/design_1_wrapper_hw_platform_0/system.hdf'.
10:34:04 INFO  : 'configparams force-mem-access 1' command is executed.
10:34:04 INFO  : Context for 'APU' is selected.
10:34:04 INFO  : 'stop' command is executed.
10:34:04 INFO  : 'ps7_init' command is executed.
10:34:04 INFO  : 'ps7_post_config' command is executed.
10:34:04 INFO  : Context for processor 'ps7_cortexa9_0' is selected.
10:34:04 INFO  : Processor reset is completed for 'ps7_cortexa9_0'.
10:34:05 INFO  : Context for processor 'ps7_cortexa9_0' is selected.
10:34:05 INFO  : The application 'D:/backup_files/edge_zynq_codes/EDGE_ZYNQ_7020_CODES/PS_EXAMPLES/GESTURE_TFT/gesture_tft.sdk/Gesture_tft/Debug/Gesture_tft.elf' is downloaded to processor 'ps7_cortexa9_0'.
10:34:05 INFO  : 'configparams force-mem-access 0' command is executed.
10:34:05 INFO  : ----------------XSDB Script----------------
connect -url tcp:127.0.0.1:3121
source D:/backup_files/edge_zynq_codes/EDGE_ZYNQ_7020_CODES/PS_EXAMPLES/GESTURE_TFT/gesture_tft.sdk/design_1_wrapper_hw_platform_0/ps7_init.tcl
targets -set -nocase -filter {name =~"APU*" && jtag_cable_name =~ "Digilent Edge 210319A288EEA"} -index 0
loadhw -hw D:/backup_files/edge_zynq_codes/EDGE_ZYNQ_7020_CODES/PS_EXAMPLES/GESTURE_TFT/gesture_tft.sdk/design_1_wrapper_hw_platform_0/system.hdf -mem-ranges [list {0x40000000 0xbfffffff}]
configparams force-mem-access 1
targets -set -nocase -filter {name =~"APU*" && jtag_cable_name =~ "Digilent Edge 210319A288EEA"} -index 0
stop
ps7_init
ps7_post_config
targets -set -nocase -filter {name =~ "ARM*#0" && jtag_cable_name =~ "Digilent Edge 210319A288EEA"} -index 0
rst -processor
targets -set -nocase -filter {name =~ "ARM*#0" && jtag_cable_name =~ "Digilent Edge 210319A288EEA"} -index 0
dow D:/backup_files/edge_zynq_codes/EDGE_ZYNQ_7020_CODES/PS_EXAMPLES/GESTURE_TFT/gesture_tft.sdk/Gesture_tft/Debug/Gesture_tft.elf
configparams force-mem-access 0
----------------End of Script----------------

10:34:05 INFO  : Memory regions updated for context APU
10:34:05 INFO  : Context for processor 'ps7_cortexa9_0' is selected.
10:34:05 INFO  : 'con' command is executed.
10:34:05 INFO  : ----------------XSDB Script (After Launch)----------------
targets -set -nocase -filter {name =~ "ARM*#0" && jtag_cable_name =~ "Digilent Edge 210319A288EEA"} -index 0
con
----------------End of Script----------------

10:34:05 INFO  : Launch script is exported to file 'D:\backup_files\edge_zynq_codes\EDGE_ZYNQ_7020_CODES\PS_EXAMPLES\GESTURE_TFT\gesture_tft.sdk\.sdk\launch_scripts\xilinx_c-c++_application_(system_debugger)\system_debugger_using_debug_gesture_tft.elf_on_local.tcl'
10:34:48 INFO  : Disconnected from the channel tcfchan#3.
16:34:58 INFO  : Launching XSCT server: xsct.bat -interactive D:\backup_files\edge_zynq_codes\EDGE_ZYNQ_7020_CODES\PS_EXAMPLES\GESTURE_TFT\gesture_tft.sdk\temp_xsdb_launch_script.tcl
16:35:00 INFO  : XSCT server has started successfully.
16:35:00 INFO  : Successfully done setting XSCT server connection channel  
16:35:00 INFO  : Successfully done setting SDK workspace  
16:35:09 INFO  : Registering command handlers for SDK TCF services
16:37:16 INFO  : Invoking Bootgen: bootgen -image FSBL.bif -arch zynq -o D:\backup_files\edge_zynq_codes\EDGE_ZYNQ_7020_CODES\PS_EXAMPLES\GESTURE_TFT\gesture_tft.sdk\FSBL\bootimage\BOOT.bin
16:37:16 INFO  : Creating new bif file D:\backup_files\edge_zynq_codes\EDGE_ZYNQ_7020_CODES\PS_EXAMPLES\GESTURE_TFT\gesture_tft.sdk\FSBL\bootimage\FSBL.bif
16:37:18 INFO  : Bootgen command execution is done.
16:58:32 INFO  : Invoking Bootgen: bootgen -image FSBL.bif -arch zynq -o D:\backup_files\edge_zynq_codes\EDGE_ZYNQ_7020_CODES\PS_EXAMPLES\GESTURE_TFT\gesture_tft.sdk\FSBL\bootimage\BOOT.bin
16:58:32 INFO  : Creating new bif file D:\backup_files\edge_zynq_codes\EDGE_ZYNQ_7020_CODES\PS_EXAMPLES\GESTURE_TFT\gesture_tft.sdk\FSBL\bootimage\FSBL.bif
16:58:34 INFO  : Bootgen command execution is done.
17:01:44 INFO  : 'targets -set -filter {jtag_cable_name =~ "Digilent Edge 210319A288EEA" && level==0} -index 1' command is executed.
17:01:45 INFO  : 'fpga -state' command is executed.
17:01:48 INFO  : Memory regions updated for context APU
17:01:51 INFO  : Connected to target on host '127.0.0.1' and port '3121'.
17:01:52 INFO  : 'targets -set -filter {jtag_cable_name =~ "Digilent Edge 210319A288EEA" && level==0} -index 1' command is executed.
17:01:55 INFO  : FPGA configured successfully with bitstream "D:/backup_files/edge_zynq_codes/EDGE_ZYNQ_7020_CODES/PS_EXAMPLES/GESTURE_TFT/gesture_tft.sdk/design_1_wrapper_hw_platform_0/design_1_wrapper.bit"
17:02:02 INFO  : 'targets -set -filter {jtag_cable_name =~ "Digilent Edge 210319A288EEA" && level==0} -index 1' command is executed.
17:02:02 INFO  : 'fpga -state' command is executed.
17:02:02 INFO  : Connected to target on host '127.0.0.1' and port '3121'.
17:02:03 INFO  : Jtag cable 'Digilent Edge 210319A288EEA' is selected.
17:02:03 INFO  : 'jtag frequency' command is executed.
17:02:03 INFO  : Sourcing of 'D:/backup_files/edge_zynq_codes/EDGE_ZYNQ_7020_CODES/PS_EXAMPLES/GESTURE_TFT/gesture_tft.sdk/design_1_wrapper_hw_platform_0/ps7_init.tcl' is done.
17:02:03 INFO  : Context for 'APU' is selected.
17:02:03 INFO  : Hardware design information is loaded from 'D:/backup_files/edge_zynq_codes/EDGE_ZYNQ_7020_CODES/PS_EXAMPLES/GESTURE_TFT/gesture_tft.sdk/design_1_wrapper_hw_platform_0/system.hdf'.
17:02:03 INFO  : 'configparams force-mem-access 1' command is executed.
17:02:03 INFO  : Context for 'APU' is selected.
17:02:03 INFO  : 'stop' command is executed.
17:02:04 INFO  : 'ps7_init' command is executed.
17:02:04 INFO  : 'ps7_post_config' command is executed.
17:02:04 INFO  : Context for processor 'ps7_cortexa9_0' is selected.
17:02:04 INFO  : Processor reset is completed for 'ps7_cortexa9_0'.
17:02:04 INFO  : Context for processor 'ps7_cortexa9_0' is selected.
17:02:05 INFO  : The application 'D:/backup_files/edge_zynq_codes/EDGE_ZYNQ_7020_CODES/PS_EXAMPLES/GESTURE_TFT/gesture_tft.sdk/Gesture_tft/Debug/Gesture_tft.elf' is downloaded to processor 'ps7_cortexa9_0'.
17:02:05 INFO  : 'configparams force-mem-access 0' command is executed.
17:02:05 INFO  : ----------------XSDB Script----------------
connect -url tcp:127.0.0.1:3121
source D:/backup_files/edge_zynq_codes/EDGE_ZYNQ_7020_CODES/PS_EXAMPLES/GESTURE_TFT/gesture_tft.sdk/design_1_wrapper_hw_platform_0/ps7_init.tcl
targets -set -nocase -filter {name =~"APU*" && jtag_cable_name =~ "Digilent Edge 210319A288EEA"} -index 0
loadhw -hw D:/backup_files/edge_zynq_codes/EDGE_ZYNQ_7020_CODES/PS_EXAMPLES/GESTURE_TFT/gesture_tft.sdk/design_1_wrapper_hw_platform_0/system.hdf -mem-ranges [list {0x40000000 0xbfffffff}]
configparams force-mem-access 1
targets -set -nocase -filter {name =~"APU*" && jtag_cable_name =~ "Digilent Edge 210319A288EEA"} -index 0
stop
ps7_init
ps7_post_config
targets -set -nocase -filter {name =~ "ARM*#0" && jtag_cable_name =~ "Digilent Edge 210319A288EEA"} -index 0
rst -processor
targets -set -nocase -filter {name =~ "ARM*#0" && jtag_cable_name =~ "Digilent Edge 210319A288EEA"} -index 0
dow D:/backup_files/edge_zynq_codes/EDGE_ZYNQ_7020_CODES/PS_EXAMPLES/GESTURE_TFT/gesture_tft.sdk/Gesture_tft/Debug/Gesture_tft.elf
configparams force-mem-access 0
----------------End of Script----------------

17:02:05 INFO  : Memory regions updated for context APU
17:02:05 INFO  : Context for processor 'ps7_cortexa9_0' is selected.
17:02:05 INFO  : 'con' command is executed.
17:02:05 INFO  : ----------------XSDB Script (After Launch)----------------
targets -set -nocase -filter {name =~ "ARM*#0" && jtag_cable_name =~ "Digilent Edge 210319A288EEA"} -index 0
con
----------------End of Script----------------

17:02:05 INFO  : Launch script is exported to file 'D:\backup_files\edge_zynq_codes\EDGE_ZYNQ_7020_CODES\PS_EXAMPLES\GESTURE_TFT\gesture_tft.sdk\.sdk\launch_scripts\xilinx_c-c++_application_(system_debugger)\system_debugger_using_debug_gesture_tft.elf_on_local.tcl'
17:43:57 INFO  : Disconnected from the channel tcfchan#1.
