12:50:50 INFO  : Registering command handlers for SDK TCF services
12:50:54 INFO  : Launching XSCT server: xsct.bat -interactive D:\backup_files\edge_zynq_codes\EDGE_ZYNQ_7020_CODES\PS_EXAMPLES\HDMI_SLIDE_SHOW\vdma_hdmi_out.sdk\temp_xsdb_launch_script.tcl
12:51:23 INFO  : XSCT server has started successfully.
12:51:24 INFO  : Successfully done setting XSCT server connection channel  
12:51:24 INFO  : Processing command line option -hwspec D:/backup_files/edge_zynq_codes/EDGE_ZYNQ_7020_CODES/PS_EXAMPLES/HDMI_SLIDE_SHOW/vdma_hdmi_out.sdk/design_1_wrapper.hdf.
12:51:24 INFO  : Successfully done setting SDK workspace  
12:59:30 INFO  : Connected to target on host '127.0.0.1' and port '3121'.
12:59:37 INFO  : 'targets -set -filter {jtag_cable_name =~ "Digilent Edge 210319A288EEA" && level==0} -index 1' command is executed.
12:59:41 INFO  : FPGA configured successfully with bitstream "D:/backup_files/edge_zynq_codes/EDGE_ZYNQ_7020_CODES/PS_EXAMPLES/HDMI_SLIDE_SHOW/vdma_hdmi_out.sdk/design_1_wrapper_hw_platform_0/design_1_wrapper.bit"
12:59:57 INFO  : 'targets -set -filter {jtag_cable_name =~ "Digilent Edge 210319A288EEA" && level==0} -index 1' command is executed.
12:59:57 INFO  : 'fpga -state' command is executed.
12:59:57 INFO  : Connected to target on host '127.0.0.1' and port '3121'.
12:59:58 INFO  : Jtag cable 'Digilent Edge 210319A288EEA' is selected.
12:59:58 INFO  : 'jtag frequency' command is executed.
12:59:58 INFO  : Sourcing of 'D:/backup_files/edge_zynq_codes/EDGE_ZYNQ_7020_CODES/PS_EXAMPLES/HDMI_SLIDE_SHOW/vdma_hdmi_out.sdk/design_1_wrapper_hw_platform_0/ps7_init.tcl' is done.
12:59:58 INFO  : Context for 'APU' is selected.
12:59:58 INFO  : Hardware design information is loaded from 'D:/backup_files/edge_zynq_codes/EDGE_ZYNQ_7020_CODES/PS_EXAMPLES/HDMI_SLIDE_SHOW/vdma_hdmi_out.sdk/design_1_wrapper_hw_platform_0/system.hdf'.
12:59:58 INFO  : 'configparams force-mem-access 1' command is executed.
12:59:58 INFO  : Context for 'APU' is selected.
12:59:59 INFO  : 'stop' command is executed.
12:59:59 INFO  : 'ps7_init' command is executed.
12:59:59 INFO  : 'ps7_post_config' command is executed.
12:59:59 INFO  : Context for processor 'ps7_cortexa9_0' is selected.
12:59:59 INFO  : Processor reset is completed for 'ps7_cortexa9_0'.
12:59:59 INFO  : Context for processor 'ps7_cortexa9_0' is selected.
13:00:11 INFO  : The application 'D:/backup_files/edge_zynq_codes/EDGE_ZYNQ_7020_CODES/PS_EXAMPLES/HDMI_SLIDE_SHOW/vdma_hdmi_out.sdk/hdmi_slideshow/Debug/hdmi_slideshow.elf' is downloaded to processor 'ps7_cortexa9_0'.
13:00:11 INFO  : 'configparams force-mem-access 0' command is executed.
13:00:11 INFO  : ----------------XSDB Script----------------
connect -url tcp:127.0.0.1:3121
source D:/backup_files/edge_zynq_codes/EDGE_ZYNQ_7020_CODES/PS_EXAMPLES/HDMI_SLIDE_SHOW/vdma_hdmi_out.sdk/design_1_wrapper_hw_platform_0/ps7_init.tcl
targets -set -nocase -filter {name =~"APU*" && jtag_cable_name =~ "Digilent Edge 210319A288EEA"} -index 0
loadhw -hw D:/backup_files/edge_zynq_codes/EDGE_ZYNQ_7020_CODES/PS_EXAMPLES/HDMI_SLIDE_SHOW/vdma_hdmi_out.sdk/design_1_wrapper_hw_platform_0/system.hdf -mem-ranges [list {0x40000000 0xbfffffff}]
configparams force-mem-access 1
targets -set -nocase -filter {name =~"APU*" && jtag_cable_name =~ "Digilent Edge 210319A288EEA"} -index 0
stop
ps7_init
ps7_post_config
targets -set -nocase -filter {name =~ "ARM*#0" && jtag_cable_name =~ "Digilent Edge 210319A288EEA"} -index 0
rst -processor
targets -set -nocase -filter {name =~ "ARM*#0" && jtag_cable_name =~ "Digilent Edge 210319A288EEA"} -index 0
dow D:/backup_files/edge_zynq_codes/EDGE_ZYNQ_7020_CODES/PS_EXAMPLES/HDMI_SLIDE_SHOW/vdma_hdmi_out.sdk/hdmi_slideshow/Debug/hdmi_slideshow.elf
configparams force-mem-access 0
----------------End of Script----------------

13:00:12 INFO  : Memory regions updated for context APU
13:00:12 INFO  : Context for processor 'ps7_cortexa9_0' is selected.
13:00:12 INFO  : 'con' command is executed.
13:00:12 INFO  : ----------------XSDB Script (After Launch)----------------
targets -set -nocase -filter {name =~ "ARM*#0" && jtag_cable_name =~ "Digilent Edge 210319A288EEA"} -index 0
con
----------------End of Script----------------

13:00:12 INFO  : Launch script is exported to file 'D:\backup_files\edge_zynq_codes\EDGE_ZYNQ_7020_CODES\PS_EXAMPLES\HDMI_SLIDE_SHOW\vdma_hdmi_out.sdk\.sdk\launch_scripts\xilinx_c-c++_application_(system_debugger)\system_debugger_using_debug_hdmi_slideshow.elf_on_local.tcl'
13:04:29 INFO  : Refreshed build settings on project sd_hdmi
13:06:11 INFO  : Connected to target on host '127.0.0.1' and port '3121'.
13:06:12 INFO  : 'targets -set -filter {jtag_cable_name =~ "Digilent Edge 210319A288EEA" && level==0} -index 1' command is executed.
13:06:15 INFO  : FPGA configured successfully with bitstream "D:/backup_files/edge_zynq_codes/EDGE_ZYNQ_7020_CODES/PS_EXAMPLES/HDMI_SLIDE_SHOW/vdma_hdmi_out.sdk/design_1_wrapper_hw_platform_0/design_1_wrapper.bit"
13:06:29 INFO  : Disconnected from the channel tcfchan#1.
13:06:30 INFO  : 'targets -set -filter {jtag_cable_name =~ "Digilent Edge 210319A288EEA" && level==0} -index 1' command is executed.
13:06:30 INFO  : 'fpga -state' command is executed.
13:06:30 INFO  : Connected to target on host '127.0.0.1' and port '3121'.
13:06:31 INFO  : Jtag cable 'Digilent Edge 210319A288EEA' is selected.
13:06:31 INFO  : 'jtag frequency' command is executed.
13:06:31 INFO  : Sourcing of 'D:/backup_files/edge_zynq_codes/EDGE_ZYNQ_7020_CODES/PS_EXAMPLES/HDMI_SLIDE_SHOW/vdma_hdmi_out.sdk/design_1_wrapper_hw_platform_0/ps7_init.tcl' is done.
13:06:31 INFO  : Context for 'APU' is selected.
13:06:37 INFO  : Hardware design information is loaded from 'D:/backup_files/edge_zynq_codes/EDGE_ZYNQ_7020_CODES/PS_EXAMPLES/HDMI_SLIDE_SHOW/vdma_hdmi_out.sdk/design_1_wrapper_hw_platform_0/system.hdf'.
13:06:37 INFO  : 'configparams force-mem-access 1' command is executed.
13:06:37 INFO  : Context for 'APU' is selected.
13:06:37 INFO  : 'stop' command is executed.
13:06:38 INFO  : 'ps7_init' command is executed.
13:06:38 INFO  : 'ps7_post_config' command is executed.
13:06:38 INFO  : Context for processor 'ps7_cortexa9_0' is selected.
13:06:38 INFO  : Processor reset is completed for 'ps7_cortexa9_0'.
13:06:38 INFO  : Context for processor 'ps7_cortexa9_0' is selected.
13:06:41 INFO  : The application 'D:/backup_files/edge_zynq_codes/EDGE_ZYNQ_7020_CODES/PS_EXAMPLES/HDMI_SLIDE_SHOW/vdma_hdmi_out.sdk/sd_hdmi/Debug/sd_hdmi.elf' is downloaded to processor 'ps7_cortexa9_0'.
13:06:41 INFO  : 'configparams force-mem-access 0' command is executed.
13:06:41 INFO  : ----------------XSDB Script----------------
connect -url tcp:127.0.0.1:3121
source D:/backup_files/edge_zynq_codes/EDGE_ZYNQ_7020_CODES/PS_EXAMPLES/HDMI_SLIDE_SHOW/vdma_hdmi_out.sdk/design_1_wrapper_hw_platform_0/ps7_init.tcl
targets -set -nocase -filter {name =~"APU*" && jtag_cable_name =~ "Digilent Edge 210319A288EEA"} -index 0
loadhw -hw D:/backup_files/edge_zynq_codes/EDGE_ZYNQ_7020_CODES/PS_EXAMPLES/HDMI_SLIDE_SHOW/vdma_hdmi_out.sdk/design_1_wrapper_hw_platform_0/system.hdf -mem-ranges [list {0x40000000 0xbfffffff}]
configparams force-mem-access 1
targets -set -nocase -filter {name =~"APU*" && jtag_cable_name =~ "Digilent Edge 210319A288EEA"} -index 0
stop
ps7_init
ps7_post_config
targets -set -nocase -filter {name =~ "ARM*#0" && jtag_cable_name =~ "Digilent Edge 210319A288EEA"} -index 0
rst -processor
targets -set -nocase -filter {name =~ "ARM*#0" && jtag_cable_name =~ "Digilent Edge 210319A288EEA"} -index 0
dow D:/backup_files/edge_zynq_codes/EDGE_ZYNQ_7020_CODES/PS_EXAMPLES/HDMI_SLIDE_SHOW/vdma_hdmi_out.sdk/sd_hdmi/Debug/sd_hdmi.elf
configparams force-mem-access 0
----------------End of Script----------------

13:06:41 INFO  : Memory regions updated for context APU
13:06:41 INFO  : Context for processor 'ps7_cortexa9_0' is selected.
13:06:41 INFO  : 'con' command is executed.
13:06:41 INFO  : ----------------XSDB Script (After Launch)----------------
targets -set -nocase -filter {name =~ "ARM*#0" && jtag_cable_name =~ "Digilent Edge 210319A288EEA"} -index 0
con
----------------End of Script----------------

13:06:41 INFO  : Launch script is exported to file 'D:\backup_files\edge_zynq_codes\EDGE_ZYNQ_7020_CODES\PS_EXAMPLES\HDMI_SLIDE_SHOW\vdma_hdmi_out.sdk\.sdk\launch_scripts\xilinx_c-c++_application_(system_debugger)\system_debugger_using_debug_sd_hdmi.elf_on_local.tcl'
13:07:28 INFO  : Disconnected from the channel tcfchan#2.
13:12:16 INFO  : Registering command handlers for SDK TCF services
13:12:18 INFO  : Launching XSCT server: xsct.bat -interactive D:\backup_files\edge_zynq_codes\EDGE_ZYNQ_7020_CODES\PS_EXAMPLES\HDMI_SLIDE_SHOW\vdma_hdmi_out.sdk\temp_xsdb_launch_script.tcl
13:12:24 INFO  : XSCT server has started successfully.
13:12:24 INFO  : Successfully done setting XSCT server connection channel  
13:12:25 INFO  : Processing command line option -hwspec D:/backup_files/edge_zynq_codes/EDGE_ZYNQ_7020_CODES/PS_EXAMPLES/HDMI_SLIDE_SHOW/vdma_hdmi_out.sdk/design_1_wrapper.hdf.
13:12:25 INFO  : Checking for hwspec changes in the project design_1_wrapper_hw_platform_0.
13:12:33 INFO  : Successfully done setting SDK workspace  
17:44:24 INFO  : Launching XSCT server: xsct.bat -interactive D:\backup_files\edge_zynq_codes\EDGE_ZYNQ_7020_CODES\PS_EXAMPLES\HDMI_SLIDE_SHOW\vdma_hdmi_out.sdk\temp_xsdb_launch_script.tcl
17:44:27 INFO  : XSCT server has started successfully.
17:44:33 INFO  : Successfully done setting XSCT server connection channel  
17:44:33 INFO  : Successfully done setting SDK workspace  
17:44:38 INFO  : Registering command handlers for SDK TCF services
17:52:23 INFO  : Connected to target on host '127.0.0.1' and port '3121'.
17:52:25 INFO  : 'targets -set -filter {jtag_cable_name =~ "Digilent Edge 210319A288EEA" && level==0} -index 1' command is executed.
17:52:28 INFO  : FPGA configured successfully with bitstream "D:/backup_files/edge_zynq_codes/EDGE_ZYNQ_7020_CODES/PS_EXAMPLES/HDMI_SLIDE_SHOW/vdma_hdmi_out.sdk/design_1_wrapper_hw_platform_0/design_1_wrapper.bit"
17:54:44 INFO  : Invoking Bootgen: bootgen -image FSBL.bif -arch zynq -o D:\backup_files\edge_zynq_codes\EDGE_ZYNQ_7020_CODES\PS_EXAMPLES\HDMI_SLIDE_SHOW\vdma_hdmi_out.sdk\FSBL\bootimage\BOOT.bin
17:54:44 INFO  : Creating new bif file D:\backup_files\edge_zynq_codes\EDGE_ZYNQ_7020_CODES\PS_EXAMPLES\HDMI_SLIDE_SHOW\vdma_hdmi_out.sdk\FSBL\bootimage\FSBL.bif
17:54:47 INFO  : Bootgen command execution is done.
18:04:06 INFO  : Launching XSCT server: xsct.bat -interactive D:\backup_files\edge_zynq_codes\EDGE_ZYNQ_7020_CODES\PS_EXAMPLES\HDMI_SLIDE_SHOW\vdma_hdmi_out.sdk\temp_xsdb_launch_script.tcl
18:04:11 INFO  : XSCT server has started successfully.
18:04:11 INFO  : Successfully done setting XSCT server connection channel  
18:04:12 INFO  : Successfully done setting SDK workspace  
18:04:23 INFO  : Registering command handlers for SDK TCF services
18:04:23 INFO  : Processing command line option -hwspec D:/backup_files/edge_zynq_codes/EDGE_ZYNQ_7020_CODES/PS_EXAMPLES/HDMI_SLIDE_SHOW/vdma_hdmi_out.sdk/design_1_wrapper.hdf.
18:04:24 INFO  : Checking for hwspec changes in the project design_1_wrapper_hw_platform_0.
18:08:54 INFO  : Invoking Bootgen: bootgen -image FSBL.bif -arch zynq -o D:\backup_files\edge_zynq_codes\EDGE_ZYNQ_7020_CODES\PS_EXAMPLES\HDMI_SLIDE_SHOW\vdma_hdmi_out.sdk\FSBL\bootimage\BOOT.bin
18:08:54 INFO  : Creating new bif file D:\backup_files\edge_zynq_codes\EDGE_ZYNQ_7020_CODES\PS_EXAMPLES\HDMI_SLIDE_SHOW\vdma_hdmi_out.sdk\FSBL\bootimage\FSBL.bif
18:08:58 INFO  : Bootgen command execution is done.
18:53:32 INFO  : Launching XSCT server: xsct.bat -interactive D:\backup_files\edge_zynq_codes\EDGE_ZYNQ_7020_CODES\PS_EXAMPLES\HDMI_SLIDE_SHOW\vdma_hdmi_out.sdk\temp_xsdb_launch_script.tcl
18:53:36 INFO  : XSCT server has started successfully.
18:53:36 INFO  : Successfully done setting XSCT server connection channel  
18:53:36 INFO  : Successfully done setting SDK workspace  
18:53:46 INFO  : Registering command handlers for SDK TCF services
18:53:46 INFO  : Processing command line option -hwspec D:/backup_files/edge_zynq_codes/EDGE_ZYNQ_7020_CODES/PS_EXAMPLES/HDMI_SLIDE_SHOW/vdma_hdmi_out.sdk/design_1_wrapper.hdf.
18:53:47 INFO  : Checking for hwspec changes in the project design_1_wrapper_hw_platform_0.
18:56:13 INFO  : Invoking Bootgen: bootgen -image FSBL.bif -arch zynq -o D:\backup_files\edge_zynq_codes\EDGE_ZYNQ_7020_CODES\PS_EXAMPLES\HDMI_SLIDE_SHOW\vdma_hdmi_out.sdk\FSBL\bootimage\BOOT.bin
18:56:13 INFO  : Creating new bif file D:\backup_files\edge_zynq_codes\EDGE_ZYNQ_7020_CODES\PS_EXAMPLES\HDMI_SLIDE_SHOW\vdma_hdmi_out.sdk\FSBL\bootimage\FSBL.bif
18:56:16 INFO  : Bootgen command execution is done.
07:39:56 INFO  : Launching XSCT server: xsct.bat -interactive D:\project_codes\madesh_backup\EDGE_ZYNQ_7020_CODES\PS_EXAMPLES\HDMI_SLIDE_SHOW\vdma_hdmi_out.sdk\temp_xsdb_launch_script.tcl
07:40:02 INFO  : XSCT server has started successfully.
07:40:03 INFO  : Successfully done setting XSCT server connection channel  
07:40:14 INFO  : Successfully done setting SDK workspace  
07:40:33 INFO  : Registering command handlers for SDK TCF services
07:58:08 INFO  : Connected to target on host '127.0.0.1' and port '3121'.
07:58:10 INFO  : 'targets -set -filter {jtag_cable_name =~ "Digilent Edge 210319A288EEA" && level==0} -index 1' command is executed.
07:58:13 INFO  : FPGA configured successfully with bitstream "D:/project_codes/madesh_backup/EDGE_ZYNQ_7020_CODES/PS_EXAMPLES/HDMI_SLIDE_SHOW/vdma_hdmi_out.sdk/design_1_wrapper_hw_platform_0/design_1_wrapper.bit"
07:58:43 INFO  : 'targets -set -filter {jtag_cable_name =~ "Digilent Edge 210319A288EEA" && level==0} -index 1' command is executed.
07:58:43 INFO  : 'fpga -state' command is executed.
07:58:43 INFO  : Connected to target on host '127.0.0.1' and port '3121'.
07:58:43 WARN  : SDK version '2019.1' doesn't match hw_server version '2018.1'. Some debug features may not work.
07:58:52 INFO  : Jtag cable 'Digilent Edge 210319A288EEA' is selected.
07:58:52 INFO  : 'jtag frequency' command is executed.
07:58:52 INFO  : Sourcing of 'D:/project_codes/madesh_backup/EDGE_ZYNQ_7020_CODES/PS_EXAMPLES/HDMI_SLIDE_SHOW/vdma_hdmi_out.sdk/design_1_wrapper_hw_platform_0/ps7_init.tcl' is done.
07:58:52 INFO  : Context for 'APU' is selected.
07:58:52 INFO  : Hardware design information is loaded from 'D:/project_codes/madesh_backup/EDGE_ZYNQ_7020_CODES/PS_EXAMPLES/HDMI_SLIDE_SHOW/vdma_hdmi_out.sdk/design_1_wrapper_hw_platform_0/system.hdf'.
07:58:52 INFO  : 'configparams force-mem-access 1' command is executed.
07:58:53 INFO  : Context for 'APU' is selected.
07:58:53 INFO  : 'stop' command is executed.
07:58:53 INFO  : 'ps7_init' command is executed.
07:58:53 INFO  : 'ps7_post_config' command is executed.
07:58:53 INFO  : Context for processor 'ps7_cortexa9_0' is selected.
07:58:53 INFO  : Processor reset is completed for 'ps7_cortexa9_0'.
07:58:53 INFO  : Context for processor 'ps7_cortexa9_0' is selected.
07:59:08 INFO  : The application 'D:/project_codes/madesh_backup/EDGE_ZYNQ_7020_CODES/PS_EXAMPLES/HDMI_SLIDE_SHOW/vdma_hdmi_out.sdk/hdmi_slideshow/Debug/hdmi_slideshow.elf' is downloaded to processor 'ps7_cortexa9_0'.
07:59:08 INFO  : 'configparams force-mem-access 0' command is executed.
07:59:08 INFO  : ----------------XSDB Script----------------
connect -url tcp:127.0.0.1:3121
source D:/project_codes/madesh_backup/EDGE_ZYNQ_7020_CODES/PS_EXAMPLES/HDMI_SLIDE_SHOW/vdma_hdmi_out.sdk/design_1_wrapper_hw_platform_0/ps7_init.tcl
targets -set -nocase -filter {name =~"APU*" && jtag_cable_name =~ "Digilent Edge 210319A288EEA"} -index 0
loadhw -hw D:/project_codes/madesh_backup/EDGE_ZYNQ_7020_CODES/PS_EXAMPLES/HDMI_SLIDE_SHOW/vdma_hdmi_out.sdk/design_1_wrapper_hw_platform_0/system.hdf -mem-ranges [list {0x40000000 0xbfffffff}]
configparams force-mem-access 1
targets -set -nocase -filter {name =~"APU*" && jtag_cable_name =~ "Digilent Edge 210319A288EEA"} -index 0
stop
ps7_init
ps7_post_config
targets -set -nocase -filter {name =~ "ARM*#0" && jtag_cable_name =~ "Digilent Edge 210319A288EEA"} -index 0
rst -processor
targets -set -nocase -filter {name =~ "ARM*#0" && jtag_cable_name =~ "Digilent Edge 210319A288EEA"} -index 0
dow D:/project_codes/madesh_backup/EDGE_ZYNQ_7020_CODES/PS_EXAMPLES/HDMI_SLIDE_SHOW/vdma_hdmi_out.sdk/hdmi_slideshow/Debug/hdmi_slideshow.elf
configparams force-mem-access 0
----------------End of Script----------------

07:59:08 INFO  : Memory regions updated for context APU
07:59:08 INFO  : Context for processor 'ps7_cortexa9_0' is selected.
07:59:08 INFO  : 'con' command is executed.
07:59:08 INFO  : ----------------XSDB Script (After Launch)----------------
targets -set -nocase -filter {name =~ "ARM*#0" && jtag_cable_name =~ "Digilent Edge 210319A288EEA"} -index 0
con
----------------End of Script----------------

07:59:08 INFO  : Launch script is exported to file 'D:\project_codes\madesh_backup\EDGE_ZYNQ_7020_CODES\PS_EXAMPLES\HDMI_SLIDE_SHOW\vdma_hdmi_out.sdk\.sdk\launch_scripts\xilinx_c-c++_application_(system_debugger)\system_debugger_using_debug_hdmi_slideshow.elf_on_local.tcl'
07:59:54 INFO  : Disconnected from the channel tcfchan#1.
15:26:20 INFO  : Launching XSCT server: xsct.bat -interactive D:\project_codes\madesh_backup\EDGE_ZYNQ_7020_CODES\PS_EXAMPLES\HDMI_SLIDE_SHOW\vdma_hdmi_out.sdk\temp_xsdb_launch_script.tcl
15:26:23 INFO  : XSCT server has started successfully.
15:26:23 INFO  : Successfully done setting XSCT server connection channel  
15:26:24 INFO  : Successfully done setting SDK workspace  
15:26:32 INFO  : Registering command handlers for SDK TCF services
15:26:33 INFO  : Processing command line option -hwspec D:/project_codes/madesh_backup/EDGE_ZYNQ_7010_CODES/PS_EXAMPLES/Camera/OV5640_VGA/OV5640_VGA1.sdk/design_1_wrapper.hdf.
15:29:03 INFO  : Connected to target on host '127.0.0.1' and port '3121'.
15:29:05 INFO  : 'targets -set -filter {jtag_cable_name =~ "Digilent Edge 210319A288EEA" && level==0} -index 1' command is executed.
15:29:08 INFO  : FPGA configured successfully with bitstream "D:/project_codes/madesh_backup/EDGE_ZYNQ_7020_CODES/PS_EXAMPLES/HDMI_SLIDE_SHOW/vdma_hdmi_out.sdk/design_1_wrapper_hw_platform_0/design_1_wrapper.bit"
15:29:15 INFO  : 'targets -set -filter {jtag_cable_name =~ "Digilent Edge 210319A288EEA" && level==0} -index 1' command is executed.
15:29:16 INFO  : 'fpga -state' command is executed.
15:29:16 INFO  : Connected to target on host '127.0.0.1' and port '3121'.
15:29:16 INFO  : Jtag cable 'Digilent Edge 210319A288EEA' is selected.
15:29:16 INFO  : 'jtag frequency' command is executed.
15:29:16 INFO  : Sourcing of 'D:/project_codes/madesh_backup/EDGE_ZYNQ_7020_CODES/PS_EXAMPLES/HDMI_SLIDE_SHOW/vdma_hdmi_out.sdk/design_1_wrapper_hw_platform_0/ps7_init.tcl' is done.
15:29:16 INFO  : Context for 'APU' is selected.
15:29:16 INFO  : Hardware design information is loaded from 'D:/project_codes/madesh_backup/EDGE_ZYNQ_7020_CODES/PS_EXAMPLES/HDMI_SLIDE_SHOW/vdma_hdmi_out.sdk/design_1_wrapper_hw_platform_0/system.hdf'.
15:29:16 INFO  : 'configparams force-mem-access 1' command is executed.
15:29:16 INFO  : Context for 'APU' is selected.
15:29:16 INFO  : 'stop' command is executed.
15:29:17 INFO  : 'ps7_init' command is executed.
15:29:17 INFO  : 'ps7_post_config' command is executed.
15:29:17 INFO  : Context for processor 'ps7_cortexa9_0' is selected.
15:29:17 INFO  : Processor reset is completed for 'ps7_cortexa9_0'.
15:29:17 INFO  : Context for processor 'ps7_cortexa9_0' is selected.
15:29:31 INFO  : The application 'D:/project_codes/madesh_backup/EDGE_ZYNQ_7020_CODES/PS_EXAMPLES/HDMI_SLIDE_SHOW/vdma_hdmi_out.sdk/hdmi_slideshow/Debug/hdmi_slideshow.elf' is downloaded to processor 'ps7_cortexa9_0'.
15:29:31 INFO  : 'configparams force-mem-access 0' command is executed.
15:29:31 INFO  : ----------------XSDB Script----------------
connect -url tcp:127.0.0.1:3121
source D:/project_codes/madesh_backup/EDGE_ZYNQ_7020_CODES/PS_EXAMPLES/HDMI_SLIDE_SHOW/vdma_hdmi_out.sdk/design_1_wrapper_hw_platform_0/ps7_init.tcl
targets -set -nocase -filter {name =~"APU*" && jtag_cable_name =~ "Digilent Edge 210319A288EEA"} -index 0
loadhw -hw D:/project_codes/madesh_backup/EDGE_ZYNQ_7020_CODES/PS_EXAMPLES/HDMI_SLIDE_SHOW/vdma_hdmi_out.sdk/design_1_wrapper_hw_platform_0/system.hdf -mem-ranges [list {0x40000000 0xbfffffff}]
configparams force-mem-access 1
targets -set -nocase -filter {name =~"APU*" && jtag_cable_name =~ "Digilent Edge 210319A288EEA"} -index 0
stop
ps7_init
ps7_post_config
targets -set -nocase -filter {name =~ "ARM*#0" && jtag_cable_name =~ "Digilent Edge 210319A288EEA"} -index 0
rst -processor
targets -set -nocase -filter {name =~ "ARM*#0" && jtag_cable_name =~ "Digilent Edge 210319A288EEA"} -index 0
dow D:/project_codes/madesh_backup/EDGE_ZYNQ_7020_CODES/PS_EXAMPLES/HDMI_SLIDE_SHOW/vdma_hdmi_out.sdk/hdmi_slideshow/Debug/hdmi_slideshow.elf
configparams force-mem-access 0
----------------End of Script----------------

15:29:31 INFO  : Memory regions updated for context APU
15:29:32 INFO  : Context for processor 'ps7_cortexa9_0' is selected.
15:29:32 INFO  : 'con' command is executed.
15:29:32 INFO  : ----------------XSDB Script (After Launch)----------------
targets -set -nocase -filter {name =~ "ARM*#0" && jtag_cable_name =~ "Digilent Edge 210319A288EEA"} -index 0
con
----------------End of Script----------------

15:29:32 INFO  : Launch script is exported to file 'D:\project_codes\madesh_backup\EDGE_ZYNQ_7020_CODES\PS_EXAMPLES\HDMI_SLIDE_SHOW\vdma_hdmi_out.sdk\.sdk\launch_scripts\xilinx_c-c++_application_(system_debugger)\system_debugger_using_debug_hdmi_slideshow.elf_on_local.tcl'
15:30:28 INFO  : Connected to target on host '127.0.0.1' and port '3121'.
15:30:29 INFO  : 'targets -set -filter {jtag_cable_name =~ "Digilent Edge 210319A288EEA" && level==0} -index 1' command is executed.
15:30:31 INFO  : FPGA configured successfully with bitstream "D:/project_codes/madesh_backup/EDGE_ZYNQ_7020_CODES/PS_EXAMPLES/HDMI_SLIDE_SHOW/vdma_hdmi_out.sdk/design_1_wrapper_hw_platform_0/design_1_wrapper.bit"
15:30:37 INFO  : Disconnected from the channel tcfchan#1.
15:30:38 INFO  : 'targets -set -filter {jtag_cable_name =~ "Digilent Edge 210319A288EEA" && level==0} -index 1' command is executed.
15:30:38 INFO  : 'fpga -state' command is executed.
15:30:38 INFO  : Connected to target on host '127.0.0.1' and port '3121'.
15:30:38 INFO  : Jtag cable 'Digilent Edge 210319A288EEA' is selected.
15:30:38 INFO  : 'jtag frequency' command is executed.
15:30:38 INFO  : Sourcing of 'D:/project_codes/madesh_backup/EDGE_ZYNQ_7020_CODES/PS_EXAMPLES/HDMI_SLIDE_SHOW/vdma_hdmi_out.sdk/design_1_wrapper_hw_platform_0/ps7_init.tcl' is done.
15:30:38 INFO  : Context for 'APU' is selected.
15:30:41 INFO  : Hardware design information is loaded from 'D:/project_codes/madesh_backup/EDGE_ZYNQ_7020_CODES/PS_EXAMPLES/HDMI_SLIDE_SHOW/vdma_hdmi_out.sdk/design_1_wrapper_hw_platform_0/system.hdf'.
15:30:41 INFO  : 'configparams force-mem-access 1' command is executed.
15:30:41 INFO  : Context for 'APU' is selected.
15:30:41 INFO  : 'stop' command is executed.
15:30:42 INFO  : 'ps7_init' command is executed.
15:30:42 INFO  : 'ps7_post_config' command is executed.
15:30:42 INFO  : Context for processor 'ps7_cortexa9_0' is selected.
15:30:42 INFO  : Processor reset is completed for 'ps7_cortexa9_0'.
15:30:42 INFO  : Context for processor 'ps7_cortexa9_0' is selected.
15:30:55 INFO  : The application 'D:/project_codes/madesh_backup/EDGE_ZYNQ_7020_CODES/PS_EXAMPLES/HDMI_SLIDE_SHOW/vdma_hdmi_out.sdk/hdmi_slideshow/Debug/hdmi_slideshow.elf' is downloaded to processor 'ps7_cortexa9_0'.
15:30:55 INFO  : 'configparams force-mem-access 0' command is executed.
15:30:55 INFO  : ----------------XSDB Script----------------
connect -url tcp:127.0.0.1:3121
source D:/project_codes/madesh_backup/EDGE_ZYNQ_7020_CODES/PS_EXAMPLES/HDMI_SLIDE_SHOW/vdma_hdmi_out.sdk/design_1_wrapper_hw_platform_0/ps7_init.tcl
targets -set -nocase -filter {name =~"APU*" && jtag_cable_name =~ "Digilent Edge 210319A288EEA"} -index 0
loadhw -hw D:/project_codes/madesh_backup/EDGE_ZYNQ_7020_CODES/PS_EXAMPLES/HDMI_SLIDE_SHOW/vdma_hdmi_out.sdk/design_1_wrapper_hw_platform_0/system.hdf -mem-ranges [list {0x40000000 0xbfffffff}]
configparams force-mem-access 1
targets -set -nocase -filter {name =~"APU*" && jtag_cable_name =~ "Digilent Edge 210319A288EEA"} -index 0
stop
ps7_init
ps7_post_config
targets -set -nocase -filter {name =~ "ARM*#0" && jtag_cable_name =~ "Digilent Edge 210319A288EEA"} -index 0
rst -processor
targets -set -nocase -filter {name =~ "ARM*#0" && jtag_cable_name =~ "Digilent Edge 210319A288EEA"} -index 0
dow D:/project_codes/madesh_backup/EDGE_ZYNQ_7020_CODES/PS_EXAMPLES/HDMI_SLIDE_SHOW/vdma_hdmi_out.sdk/hdmi_slideshow/Debug/hdmi_slideshow.elf
configparams force-mem-access 0
----------------End of Script----------------

15:30:56 INFO  : Memory regions updated for context APU
15:30:56 INFO  : Context for processor 'ps7_cortexa9_0' is selected.
15:30:56 INFO  : 'con' command is executed.
15:30:56 INFO  : ----------------XSDB Script (After Launch)----------------
targets -set -nocase -filter {name =~ "ARM*#0" && jtag_cable_name =~ "Digilent Edge 210319A288EEA"} -index 0
con
----------------End of Script----------------

15:30:56 INFO  : Launch script is exported to file 'D:\project_codes\madesh_backup\EDGE_ZYNQ_7020_CODES\PS_EXAMPLES\HDMI_SLIDE_SHOW\vdma_hdmi_out.sdk\.sdk\launch_scripts\xilinx_c-c++_application_(system_debugger)\system_debugger_using_debug_hdmi_slideshow.elf_on_local.tcl'
15:32:12 INFO  : Connected to target on host '127.0.0.1' and port '3121'.
15:32:13 INFO  : 'targets -set -filter {jtag_cable_name =~ "Digilent Edge 210319A288EEA" && level==0} -index 1' command is executed.
15:32:16 INFO  : FPGA configured successfully with bitstream "D:/project_codes/madesh_backup/EDGE_ZYNQ_7020_CODES/PS_EXAMPLES/HDMI_SLIDE_SHOW/vdma_hdmi_out.sdk/design_1_wrapper_hw_platform_0/design_1_wrapper.bit"
15:32:25 INFO  : Disconnected from the channel tcfchan#2.
15:32:26 INFO  : 'targets -set -filter {jtag_cable_name =~ "Digilent Edge 210319A288EEA" && level==0} -index 1' command is executed.
15:32:26 INFO  : 'fpga -state' command is executed.
15:32:26 INFO  : Connected to target on host '127.0.0.1' and port '3121'.
15:32:26 INFO  : Jtag cable 'Digilent Edge 210319A288EEA' is selected.
15:32:26 INFO  : 'jtag frequency' command is executed.
15:32:26 INFO  : Sourcing of 'D:/project_codes/madesh_backup/EDGE_ZYNQ_7020_CODES/PS_EXAMPLES/HDMI_SLIDE_SHOW/vdma_hdmi_out.sdk/design_1_wrapper_hw_platform_0/ps7_init.tcl' is done.
15:32:26 INFO  : Context for 'APU' is selected.
15:32:26 INFO  : Hardware design information is loaded from 'D:/project_codes/madesh_backup/EDGE_ZYNQ_7020_CODES/PS_EXAMPLES/HDMI_SLIDE_SHOW/vdma_hdmi_out.sdk/design_1_wrapper_hw_platform_0/system.hdf'.
15:32:26 INFO  : 'configparams force-mem-access 1' command is executed.
15:32:26 INFO  : Context for 'APU' is selected.
15:32:26 INFO  : 'stop' command is executed.
15:32:27 INFO  : 'ps7_init' command is executed.
15:32:27 INFO  : 'ps7_post_config' command is executed.
15:32:27 INFO  : Context for processor 'ps7_cortexa9_0' is selected.
15:32:27 INFO  : Processor reset is completed for 'ps7_cortexa9_0'.
15:32:27 INFO  : Context for processor 'ps7_cortexa9_0' is selected.
15:32:41 INFO  : The application 'D:/project_codes/madesh_backup/EDGE_ZYNQ_7020_CODES/PS_EXAMPLES/HDMI_SLIDE_SHOW/vdma_hdmi_out.sdk/hdmi_slideshow/Debug/hdmi_slideshow.elf' is downloaded to processor 'ps7_cortexa9_0'.
15:32:41 INFO  : 'configparams force-mem-access 0' command is executed.
15:32:41 INFO  : ----------------XSDB Script----------------
connect -url tcp:127.0.0.1:3121
source D:/project_codes/madesh_backup/EDGE_ZYNQ_7020_CODES/PS_EXAMPLES/HDMI_SLIDE_SHOW/vdma_hdmi_out.sdk/design_1_wrapper_hw_platform_0/ps7_init.tcl
targets -set -nocase -filter {name =~"APU*" && jtag_cable_name =~ "Digilent Edge 210319A288EEA"} -index 0
loadhw -hw D:/project_codes/madesh_backup/EDGE_ZYNQ_7020_CODES/PS_EXAMPLES/HDMI_SLIDE_SHOW/vdma_hdmi_out.sdk/design_1_wrapper_hw_platform_0/system.hdf -mem-ranges [list {0x40000000 0xbfffffff}]
configparams force-mem-access 1
targets -set -nocase -filter {name =~"APU*" && jtag_cable_name =~ "Digilent Edge 210319A288EEA"} -index 0
stop
ps7_init
ps7_post_config
targets -set -nocase -filter {name =~ "ARM*#0" && jtag_cable_name =~ "Digilent Edge 210319A288EEA"} -index 0
rst -processor
targets -set -nocase -filter {name =~ "ARM*#0" && jtag_cable_name =~ "Digilent Edge 210319A288EEA"} -index 0
dow D:/project_codes/madesh_backup/EDGE_ZYNQ_7020_CODES/PS_EXAMPLES/HDMI_SLIDE_SHOW/vdma_hdmi_out.sdk/hdmi_slideshow/Debug/hdmi_slideshow.elf
configparams force-mem-access 0
----------------End of Script----------------

15:32:42 INFO  : Memory regions updated for context APU
15:32:42 INFO  : Context for processor 'ps7_cortexa9_0' is selected.
15:32:42 INFO  : 'con' command is executed.
15:32:42 INFO  : ----------------XSDB Script (After Launch)----------------
targets -set -nocase -filter {name =~ "ARM*#0" && jtag_cable_name =~ "Digilent Edge 210319A288EEA"} -index 0
con
----------------End of Script----------------

15:32:42 INFO  : Launch script is exported to file 'D:\project_codes\madesh_backup\EDGE_ZYNQ_7020_CODES\PS_EXAMPLES\HDMI_SLIDE_SHOW\vdma_hdmi_out.sdk\.sdk\launch_scripts\xilinx_c-c++_application_(system_debugger)\system_debugger_using_debug_hdmi_slideshow.elf_on_local.tcl'
15:33:07 INFO  : Connected to target on host '127.0.0.1' and port '3121'.
15:33:07 INFO  : 'targets -set -filter {jtag_cable_name =~ "Digilent Edge 210319A288EEA" && level==0} -index 1' command is executed.
15:33:09 INFO  : FPGA configured successfully with bitstream "D:/project_codes/madesh_backup/EDGE_ZYNQ_7020_CODES/PS_EXAMPLES/HDMI_SLIDE_SHOW/vdma_hdmi_out.sdk/design_1_wrapper_hw_platform_0/design_1_wrapper.bit"
15:33:15 INFO  : Disconnected from the channel tcfchan#3.
15:33:16 INFO  : 'targets -set -filter {jtag_cable_name =~ "Digilent Edge 210319A288EEA" && level==0} -index 1' command is executed.
15:33:16 INFO  : 'fpga -state' command is executed.
15:33:16 INFO  : Connected to target on host '127.0.0.1' and port '3121'.
15:33:17 INFO  : Jtag cable 'Digilent Edge 210319A288EEA' is selected.
15:33:17 INFO  : 'jtag frequency' command is executed.
15:33:17 INFO  : Sourcing of 'D:/project_codes/madesh_backup/EDGE_ZYNQ_7020_CODES/PS_EXAMPLES/HDMI_SLIDE_SHOW/vdma_hdmi_out.sdk/design_1_wrapper_hw_platform_0/ps7_init.tcl' is done.
15:33:17 INFO  : Context for 'APU' is selected.
15:33:17 INFO  : Hardware design information is loaded from 'D:/project_codes/madesh_backup/EDGE_ZYNQ_7020_CODES/PS_EXAMPLES/HDMI_SLIDE_SHOW/vdma_hdmi_out.sdk/design_1_wrapper_hw_platform_0/system.hdf'.
15:33:17 INFO  : 'configparams force-mem-access 1' command is executed.
15:33:18 INFO  : Context for 'APU' is selected.
15:33:18 INFO  : 'stop' command is executed.
15:33:18 INFO  : 'ps7_init' command is executed.
15:33:18 INFO  : 'ps7_post_config' command is executed.
15:33:19 INFO  : Context for processor 'ps7_cortexa9_0' is selected.
15:33:19 INFO  : Processor reset is completed for 'ps7_cortexa9_0'.
15:33:20 INFO  : Context for processor 'ps7_cortexa9_0' is selected.
15:33:35 INFO  : The application 'D:/project_codes/madesh_backup/EDGE_ZYNQ_7020_CODES/PS_EXAMPLES/HDMI_SLIDE_SHOW/vdma_hdmi_out.sdk/hdmi_slideshow/Debug/hdmi_slideshow.elf' is downloaded to processor 'ps7_cortexa9_0'.
15:33:35 INFO  : 'configparams force-mem-access 0' command is executed.
15:33:35 INFO  : ----------------XSDB Script----------------
connect -url tcp:127.0.0.1:3121
source D:/project_codes/madesh_backup/EDGE_ZYNQ_7020_CODES/PS_EXAMPLES/HDMI_SLIDE_SHOW/vdma_hdmi_out.sdk/design_1_wrapper_hw_platform_0/ps7_init.tcl
targets -set -nocase -filter {name =~"APU*" && jtag_cable_name =~ "Digilent Edge 210319A288EEA"} -index 0
loadhw -hw D:/project_codes/madesh_backup/EDGE_ZYNQ_7020_CODES/PS_EXAMPLES/HDMI_SLIDE_SHOW/vdma_hdmi_out.sdk/design_1_wrapper_hw_platform_0/system.hdf -mem-ranges [list {0x40000000 0xbfffffff}]
configparams force-mem-access 1
targets -set -nocase -filter {name =~"APU*" && jtag_cable_name =~ "Digilent Edge 210319A288EEA"} -index 0
stop
ps7_init
ps7_post_config
targets -set -nocase -filter {name =~ "ARM*#0" && jtag_cable_name =~ "Digilent Edge 210319A288EEA"} -index 0
rst -processor
targets -set -nocase -filter {name =~ "ARM*#0" && jtag_cable_name =~ "Digilent Edge 210319A288EEA"} -index 0
dow D:/project_codes/madesh_backup/EDGE_ZYNQ_7020_CODES/PS_EXAMPLES/HDMI_SLIDE_SHOW/vdma_hdmi_out.sdk/hdmi_slideshow/Debug/hdmi_slideshow.elf
configparams force-mem-access 0
----------------End of Script----------------

15:33:35 INFO  : Memory regions updated for context APU
15:33:35 INFO  : Context for processor 'ps7_cortexa9_0' is selected.
15:33:35 INFO  : 'con' command is executed.
15:33:35 INFO  : ----------------XSDB Script (After Launch)----------------
targets -set -nocase -filter {name =~ "ARM*#0" && jtag_cable_name =~ "Digilent Edge 210319A288EEA"} -index 0
con
----------------End of Script----------------

15:33:35 INFO  : Launch script is exported to file 'D:\project_codes\madesh_backup\EDGE_ZYNQ_7020_CODES\PS_EXAMPLES\HDMI_SLIDE_SHOW\vdma_hdmi_out.sdk\.sdk\launch_scripts\xilinx_c-c++_application_(system_debugger)\system_debugger_using_debug_hdmi_slideshow.elf_on_local.tcl'
15:47:17 INFO  : Disconnected from the channel tcfchan#4.
17:44:09 INFO  : Launching XSCT server: xsct.bat -interactive D:\project_codes\madesh_backup\EDGE_ZYNQ_7020_CODES\PS_EXAMPLES\CH8_HDMI_SLIDE_SHOW\vdma_hdmi_out.sdk\temp_xsdb_launch_script.tcl
17:44:12 INFO  : XSCT server has started successfully.
17:44:19 INFO  : Successfully done setting XSCT server connection channel  
17:44:19 INFO  : Successfully done setting SDK workspace  
17:44:22 INFO  : Registering command handlers for SDK TCF services
17:44:24 INFO  : Processing command line option -hwspec D:/project_codes/madesh_backup/EDGE_ZYNQ_7020_CODES/PS_EXAMPLES/CH8_HDMI_SLIDE_SHOW/vdma_hdmi_out.sdk/design_1_wrapper.hdf.
17:44:39 INFO  : Connected to target on host '127.0.0.1' and port '3121'.
17:44:40 INFO  : 'targets -set -filter {jtag_cable_name =~ "Digilent Edge 210319A288EEA" && level==0} -index 1' command is executed.
17:44:44 INFO  : FPGA configured successfully with bitstream "D:/project_codes/madesh_backup/EDGE_ZYNQ_7020_CODES/PS_EXAMPLES/CH8_HDMI_SLIDE_SHOW/vdma_hdmi_out.sdk/design_1_wrapper_hw_platform_0/design_1_wrapper.bit"
17:44:51 INFO  : 'targets -set -filter {jtag_cable_name =~ "Digilent Edge 210319A288EEA" && level==0} -index 1' command is executed.
17:44:51 INFO  : 'fpga -state' command is executed.
17:44:51 INFO  : Connected to target on host '127.0.0.1' and port '3121'.
17:44:51 INFO  : Jtag cable 'Digilent Edge 210319A288EEA' is selected.
17:44:51 INFO  : 'jtag frequency' command is executed.
17:44:52 INFO  : Sourcing of 'D:/project_codes/madesh_backup/EDGE_ZYNQ_7020_CODES/PS_EXAMPLES/CH8_HDMI_SLIDE_SHOW/vdma_hdmi_out.sdk/design_1_wrapper_hw_platform_0/ps7_init.tcl' is done.
17:44:52 INFO  : Context for 'APU' is selected.
17:44:52 INFO  : Hardware design information is loaded from 'D:/project_codes/madesh_backup/EDGE_ZYNQ_7020_CODES/PS_EXAMPLES/CH8_HDMI_SLIDE_SHOW/vdma_hdmi_out.sdk/design_1_wrapper_hw_platform_0/system.hdf'.
17:44:52 INFO  : 'configparams force-mem-access 1' command is executed.
17:44:52 INFO  : Context for 'APU' is selected.
17:44:52 INFO  : 'stop' command is executed.
17:44:52 INFO  : 'ps7_init' command is executed.
17:44:52 INFO  : 'ps7_post_config' command is executed.
17:44:52 INFO  : Context for processor 'ps7_cortexa9_0' is selected.
17:44:53 INFO  : Processor reset is completed for 'ps7_cortexa9_0'.
17:44:53 INFO  : Context for processor 'ps7_cortexa9_0' is selected.
17:45:05 INFO  : The application 'D:/project_codes/madesh_backup/EDGE_ZYNQ_7020_CODES/PS_EXAMPLES/CH8_HDMI_SLIDE_SHOW/vdma_hdmi_out.sdk/hdmi_slideshow/Debug/hdmi_slideshow.elf' is downloaded to processor 'ps7_cortexa9_0'.
17:45:05 INFO  : 'configparams force-mem-access 0' command is executed.
17:45:05 INFO  : ----------------XSDB Script----------------
connect -url tcp:127.0.0.1:3121
source D:/project_codes/madesh_backup/EDGE_ZYNQ_7020_CODES/PS_EXAMPLES/CH8_HDMI_SLIDE_SHOW/vdma_hdmi_out.sdk/design_1_wrapper_hw_platform_0/ps7_init.tcl
targets -set -nocase -filter {name =~"APU*" && jtag_cable_name =~ "Digilent Edge 210319A288EEA"} -index 0
loadhw -hw D:/project_codes/madesh_backup/EDGE_ZYNQ_7020_CODES/PS_EXAMPLES/CH8_HDMI_SLIDE_SHOW/vdma_hdmi_out.sdk/design_1_wrapper_hw_platform_0/system.hdf -mem-ranges [list {0x40000000 0xbfffffff}]
configparams force-mem-access 1
targets -set -nocase -filter {name =~"APU*" && jtag_cable_name =~ "Digilent Edge 210319A288EEA"} -index 0
stop
ps7_init
ps7_post_config
targets -set -nocase -filter {name =~ "ARM*#0" && jtag_cable_name =~ "Digilent Edge 210319A288EEA"} -index 0
rst -processor
targets -set -nocase -filter {name =~ "ARM*#0" && jtag_cable_name =~ "Digilent Edge 210319A288EEA"} -index 0
dow D:/project_codes/madesh_backup/EDGE_ZYNQ_7020_CODES/PS_EXAMPLES/CH8_HDMI_SLIDE_SHOW/vdma_hdmi_out.sdk/hdmi_slideshow/Debug/hdmi_slideshow.elf
configparams force-mem-access 0
----------------End of Script----------------

17:45:06 INFO  : Memory regions updated for context APU
17:45:06 INFO  : Context for processor 'ps7_cortexa9_0' is selected.
17:45:06 INFO  : 'con' command is executed.
17:45:06 INFO  : ----------------XSDB Script (After Launch)----------------
targets -set -nocase -filter {name =~ "ARM*#0" && jtag_cable_name =~ "Digilent Edge 210319A288EEA"} -index 0
con
----------------End of Script----------------

17:45:06 INFO  : Launch script is exported to file 'D:\project_codes\madesh_backup\EDGE_ZYNQ_7020_CODES\PS_EXAMPLES\CH8_HDMI_SLIDE_SHOW\vdma_hdmi_out.sdk\.sdk\launch_scripts\xilinx_c-c++_application_(system_debugger)\system_debugger_using_debug_hdmi_slideshow.elf_on_local.tcl'
17:45:40 INFO  : Disconnected from the channel tcfchan#1.
17:45:42 INFO  : 'targets -set -filter {jtag_cable_name =~ "Digilent Edge 210319A288EEA" && level==0} -index 1' command is executed.
17:45:42 INFO  : 'fpga -state' command is executed.
17:45:43 INFO  : Connected to target on host '127.0.0.1' and port '3121'.
17:45:43 INFO  : Jtag cable 'Digilent Edge 210319A288EEA' is selected.
17:45:43 INFO  : 'jtag frequency' command is executed.
17:45:43 INFO  : Sourcing of 'D:/project_codes/madesh_backup/EDGE_ZYNQ_7020_CODES/PS_EXAMPLES/CH8_HDMI_SLIDE_SHOW/vdma_hdmi_out.sdk/design_1_wrapper_hw_platform_2/ps7_init.tcl' is done.
17:45:43 INFO  : Context for 'APU' is selected.
17:45:43 INFO  : Hardware design information is loaded from 'D:/project_codes/madesh_backup/EDGE_ZYNQ_7020_CODES/PS_EXAMPLES/CH8_HDMI_SLIDE_SHOW/vdma_hdmi_out.sdk/design_1_wrapper_hw_platform_2/system.hdf'.
17:45:43 INFO  : 'configparams force-mem-access 1' command is executed.
17:45:43 INFO  : Context for 'APU' is selected.
17:45:43 INFO  : 'stop' command is executed.
17:45:44 INFO  : 'ps7_init' command is executed.
17:45:44 INFO  : 'ps7_post_config' command is executed.
17:45:44 INFO  : 'configparams force-mem-access 0' command is executed.
17:45:44 INFO  : ----------------XSDB Script----------------
connect -url tcp:127.0.0.1:3121
source D:/project_codes/madesh_backup/EDGE_ZYNQ_7020_CODES/PS_EXAMPLES/CH8_HDMI_SLIDE_SHOW/vdma_hdmi_out.sdk/design_1_wrapper_hw_platform_2/ps7_init.tcl
targets -set -nocase -filter {name =~"APU*" && jtag_cable_name =~ "Digilent Edge 210319A288EEA"} -index 0
loadhw -hw D:/project_codes/madesh_backup/EDGE_ZYNQ_7020_CODES/PS_EXAMPLES/CH8_HDMI_SLIDE_SHOW/vdma_hdmi_out.sdk/design_1_wrapper_hw_platform_2/system.hdf -mem-ranges [list {0x40000000 0xbfffffff}]
configparams force-mem-access 1
targets -set -nocase -filter {name =~"APU*" && jtag_cable_name =~ "Digilent Edge 210319A288EEA"} -index 0
stop
ps7_init
ps7_post_config
configparams force-mem-access 0
----------------End of Script----------------

17:45:44 INFO  : Memory regions updated for context APU
17:45:44 INFO  : Launch script is exported to file 'D:\project_codes\madesh_backup\EDGE_ZYNQ_7020_CODES\PS_EXAMPLES\CH8_HDMI_SLIDE_SHOW\vdma_hdmi_out.sdk\.sdk\launch_scripts\xilinx_c-c++_application_(system_debugger)\system_debugger_using_debug_hdmi_slideshow.elf_on_local.tcl'
17:46:33 INFO  : Disconnected from the channel tcfchan#2.
17:47:45 INFO  : Launching XSCT server: xsct.bat -interactive D:\project_codes\madesh_backup\EDGE_ZYNQ_7020_CODES\PS_EXAMPLES\CH8_HDMI_SLIDE_SHOW\vdma_hdmi_out.sdk\temp_xsdb_launch_script.tcl
17:47:48 INFO  : XSCT server has started successfully.
17:47:49 INFO  : Successfully done setting XSCT server connection channel  
17:47:49 INFO  : Successfully done setting SDK workspace  
17:47:51 INFO  : Registering command handlers for SDK TCF services
17:47:51 INFO  : Processing command line option -hwspec D:/project_codes/madesh_backup/EDGE_ZYNQ_7020_CODES/PS_EXAMPLES/CH8_HDMI_SLIDE_SHOW/vdma_hdmi_out.sdk/design_1_wrapper.hdf.
17:49:18 INFO  : Connected to target on host '127.0.0.1' and port '3121'.
17:49:19 INFO  : 'targets -set -filter {jtag_cable_name =~ "Digilent Edge 210319A288EEA" && level==0} -index 1' command is executed.
17:49:22 INFO  : FPGA configured successfully with bitstream "D:/project_codes/madesh_backup/EDGE_ZYNQ_7020_CODES/PS_EXAMPLES/CH8_HDMI_SLIDE_SHOW/vdma_hdmi_out.sdk/design_1_wrapper_hw_platform_0/design_1_wrapper.bit"
17:49:46 INFO  : 'targets -set -filter {jtag_cable_name =~ "Digilent Edge 210319A288EEA" && level==0} -index 1' command is executed.
17:49:46 INFO  : 'fpga -state' command is executed.
17:49:46 INFO  : Connected to target on host '127.0.0.1' and port '3121'.
17:49:47 INFO  : Jtag cable 'Digilent Edge 210319A288EEA' is selected.
17:49:47 INFO  : 'jtag frequency' command is executed.
17:49:47 INFO  : Sourcing of 'D:/project_codes/madesh_backup/EDGE_ZYNQ_7020_CODES/PS_EXAMPLES/CH8_HDMI_SLIDE_SHOW/vdma_hdmi_out.sdk/design_1_wrapper_hw_platform_0/ps7_init.tcl' is done.
17:49:47 INFO  : Context for 'APU' is selected.
17:49:47 INFO  : Hardware design information is loaded from 'D:/project_codes/madesh_backup/EDGE_ZYNQ_7020_CODES/PS_EXAMPLES/CH8_HDMI_SLIDE_SHOW/vdma_hdmi_out.sdk/design_1_wrapper_hw_platform_0/system.hdf'.
17:49:47 INFO  : 'configparams force-mem-access 1' command is executed.
17:49:47 INFO  : Context for 'APU' is selected.
17:49:47 INFO  : 'stop' command is executed.
17:49:47 INFO  : 'ps7_init' command is executed.
17:49:48 INFO  : 'ps7_post_config' command is executed.
17:49:48 INFO  : Context for processor 'ps7_cortexa9_0' is selected.
17:49:48 INFO  : Processor reset is completed for 'ps7_cortexa9_0'.
17:49:48 INFO  : Context for processor 'ps7_cortexa9_0' is selected.
17:50:00 INFO  : The application 'D:/project_codes/madesh_backup/EDGE_ZYNQ_7020_CODES/PS_EXAMPLES/CH8_HDMI_SLIDE_SHOW/vdma_hdmi_out.sdk/hdmi_slideshow/Debug/hdmi_slideshow.elf' is downloaded to processor 'ps7_cortexa9_0'.
17:50:00 INFO  : 'configparams force-mem-access 0' command is executed.
17:50:00 INFO  : ----------------XSDB Script----------------
connect -url tcp:127.0.0.1:3121
source D:/project_codes/madesh_backup/EDGE_ZYNQ_7020_CODES/PS_EXAMPLES/CH8_HDMI_SLIDE_SHOW/vdma_hdmi_out.sdk/design_1_wrapper_hw_platform_0/ps7_init.tcl
targets -set -nocase -filter {name =~"APU*" && jtag_cable_name =~ "Digilent Edge 210319A288EEA"} -index 0
loadhw -hw D:/project_codes/madesh_backup/EDGE_ZYNQ_7020_CODES/PS_EXAMPLES/CH8_HDMI_SLIDE_SHOW/vdma_hdmi_out.sdk/design_1_wrapper_hw_platform_0/system.hdf -mem-ranges [list {0x40000000 0xbfffffff}]
configparams force-mem-access 1
targets -set -nocase -filter {name =~"APU*" && jtag_cable_name =~ "Digilent Edge 210319A288EEA"} -index 0
stop
ps7_init
ps7_post_config
targets -set -nocase -filter {name =~ "ARM*#0" && jtag_cable_name =~ "Digilent Edge 210319A288EEA"} -index 0
rst -processor
targets -set -nocase -filter {name =~ "ARM*#0" && jtag_cable_name =~ "Digilent Edge 210319A288EEA"} -index 0
dow D:/project_codes/madesh_backup/EDGE_ZYNQ_7020_CODES/PS_EXAMPLES/CH8_HDMI_SLIDE_SHOW/vdma_hdmi_out.sdk/hdmi_slideshow/Debug/hdmi_slideshow.elf
configparams force-mem-access 0
----------------End of Script----------------

17:50:01 INFO  : Memory regions updated for context APU
17:50:01 INFO  : Context for processor 'ps7_cortexa9_0' is selected.
17:50:01 INFO  : 'con' command is executed.
17:50:01 INFO  : ----------------XSDB Script (After Launch)----------------
targets -set -nocase -filter {name =~ "ARM*#0" && jtag_cable_name =~ "Digilent Edge 210319A288EEA"} -index 0
con
----------------End of Script----------------

17:50:01 INFO  : Launch script is exported to file 'D:\project_codes\madesh_backup\EDGE_ZYNQ_7020_CODES\PS_EXAMPLES\CH8_HDMI_SLIDE_SHOW\vdma_hdmi_out.sdk\.sdk\launch_scripts\xilinx_c-c++_application_(system_debugger)\system_debugger_using_debug_hdmi_slideshow.elf_on_local.tcl'
17:53:37 INFO  : Disconnected from the channel tcfchan#1.
