15:59:39 INFO  : Registering command handlers for SDK TCF services
15:59:41 INFO  : Launching XSCT server: xsct.bat -interactive D:\backup_files\edge_zynq_codes\EDGE_ZYNQ_7020_CODES\PS_EXAMPLES\OV5640_VGA1\OV5640_VGA1.sdk\temp_xsdb_launch_script.tcl
16:00:09 INFO  : XSCT server has started successfully.
16:00:09 INFO  : Successfully done setting XSCT server connection channel  
16:00:10 INFO  : Successfully done setting SDK workspace  
16:00:10 INFO  : Processing command line option -hwspec D:/backup_files/edge_zynq_codes/EDGE_ZYNQ_7020_CODES/PS_EXAMPLES/OV5640_VGA1/OV5640_VGA1.sdk/design_1_wrapper.hdf.
16:03:38 INFO  : Connected to target on host '127.0.0.1' and port '3121'.
16:03:40 INFO  : 'targets -set -filter {jtag_cable_name =~ "Digilent Edge 210319A288EEA" && level==0} -index 1' command is executed.
16:03:43 INFO  : FPGA configured successfully with bitstream "D:/backup_files/edge_zynq_codes/EDGE_ZYNQ_7020_CODES/PS_EXAMPLES/OV5640_VGA1/OV5640_VGA1.sdk/design_1_wrapper_hw_platform_0/design_1_wrapper.bit"
16:03:50 INFO  : 'targets -set -filter {jtag_cable_name =~ "Digilent Edge 210319A288EEA" && level==0} -index 1' command is executed.
16:03:50 INFO  : 'fpga -state' command is executed.
16:03:50 INFO  : Connected to target on host '127.0.0.1' and port '3121'.
16:03:51 INFO  : Jtag cable 'Digilent Edge 210319A288EEA' is selected.
16:03:51 INFO  : 'jtag frequency' command is executed.
16:03:51 INFO  : Sourcing of 'D:/backup_files/edge_zynq_codes/EDGE_ZYNQ_7020_CODES/PS_EXAMPLES/OV5640_VGA1/OV5640_VGA1.sdk/design_1_wrapper_hw_platform_0/ps7_init.tcl' is done.
16:03:51 INFO  : Context for 'APU' is selected.
16:03:51 INFO  : Hardware design information is loaded from 'D:/backup_files/edge_zynq_codes/EDGE_ZYNQ_7020_CODES/PS_EXAMPLES/OV5640_VGA1/OV5640_VGA1.sdk/design_1_wrapper_hw_platform_0/system.hdf'.
16:03:51 INFO  : 'configparams force-mem-access 1' command is executed.
16:03:51 INFO  : Context for 'APU' is selected.
16:03:51 INFO  : 'stop' command is executed.
16:03:52 INFO  : 'ps7_init' command is executed.
16:03:52 INFO  : 'ps7_post_config' command is executed.
16:03:52 INFO  : Context for processor 'ps7_cortexa9_0' is selected.
16:03:52 INFO  : Processor reset is completed for 'ps7_cortexa9_0'.
16:03:52 INFO  : Context for processor 'ps7_cortexa9_0' is selected.
16:03:53 INFO  : The application 'D:/backup_files/edge_zynq_codes/EDGE_ZYNQ_7020_CODES/PS_EXAMPLES/OV5640_VGA1/OV5640_VGA1.sdk/OV5640_VGA/Debug/OV5640_VGA.elf' is downloaded to processor 'ps7_cortexa9_0'.
16:03:53 INFO  : 'configparams force-mem-access 0' command is executed.
16:03:53 INFO  : ----------------XSDB Script----------------
connect -url tcp:127.0.0.1:3121
source D:/backup_files/edge_zynq_codes/EDGE_ZYNQ_7020_CODES/PS_EXAMPLES/OV5640_VGA1/OV5640_VGA1.sdk/design_1_wrapper_hw_platform_0/ps7_init.tcl
targets -set -nocase -filter {name =~"APU*" && jtag_cable_name =~ "Digilent Edge 210319A288EEA"} -index 0
loadhw -hw D:/backup_files/edge_zynq_codes/EDGE_ZYNQ_7020_CODES/PS_EXAMPLES/OV5640_VGA1/OV5640_VGA1.sdk/design_1_wrapper_hw_platform_0/system.hdf -mem-ranges [list {0x40000000 0xbfffffff}]
configparams force-mem-access 1
targets -set -nocase -filter {name =~"APU*" && jtag_cable_name =~ "Digilent Edge 210319A288EEA"} -index 0
stop
ps7_init
ps7_post_config
targets -set -nocase -filter {name =~ "ARM*#0" && jtag_cable_name =~ "Digilent Edge 210319A288EEA"} -index 0
rst -processor
targets -set -nocase -filter {name =~ "ARM*#0" && jtag_cable_name =~ "Digilent Edge 210319A288EEA"} -index 0
dow D:/backup_files/edge_zynq_codes/EDGE_ZYNQ_7020_CODES/PS_EXAMPLES/OV5640_VGA1/OV5640_VGA1.sdk/OV5640_VGA/Debug/OV5640_VGA.elf
configparams force-mem-access 0
----------------End of Script----------------

16:03:53 INFO  : Memory regions updated for context APU
16:03:53 INFO  : Context for processor 'ps7_cortexa9_0' is selected.
16:03:53 INFO  : 'con' command is executed.
16:03:53 INFO  : ----------------XSDB Script (After Launch)----------------
targets -set -nocase -filter {name =~ "ARM*#0" && jtag_cable_name =~ "Digilent Edge 210319A288EEA"} -index 0
con
----------------End of Script----------------

16:03:53 INFO  : Launch script is exported to file 'D:\backup_files\edge_zynq_codes\EDGE_ZYNQ_7020_CODES\PS_EXAMPLES\OV5640_VGA1\OV5640_VGA1.sdk\.sdk\launch_scripts\performance_analysis\performance_analysis_using_debug_ov5640_vga.elf_on_local.tcl'
16:03:54 INFO  : Apm configuration has been updated and stored to 'D:\backup_files\edge_zynq_codes\EDGE_ZYNQ_7020_CODES\PS_EXAMPLES\OV5640_VGA1\OV5640_VGA1.sdk\design_1_wrapper_hw_platform_0\apmconfigs\apm_default.json' for the project 'design_1_wrapper_hw_platform_0'
16:03:55 INFO  : Performance data for 'PS' will be exported to the file 'D:\backup_files\edge_zynq_codes\EDGE_ZYNQ_7020_CODES\PS_EXAMPLES\OV5640_VGA1\OV5640_VGA1.sdk\design_1_wrapper_hw_platform_0_Traces\Traces\Run_Dec-02_16-03\PS_Trace_Dec-02_16-03\trace'
16:03:55 INFO  : Created tracing project 'design_1_wrapper_hw_platform_0_Traces'
16:03:55 INFO  : Added tracing folder 'D:\backup_files\edge_zynq_codes\EDGE_ZYNQ_7020_CODES\PS_EXAMPLES\OV5640_VGA1\OV5640_VGA1.sdk\design_1_wrapper_hw_platform_0_Traces\Traces\Run_Dec-02_16-03\PS_Trace_Dec-02_16-03' into  'design_1_wrapper_hw_platform_0_Traces'
16:03:56 INFO  : Attempting to open tracing file 'PS_Trace_Dec-02_16-03'
16:04:12 INFO  : 'targets -set -filter {jtag_cable_name =~ "Digilent Edge 210319A288EEA" && level==0} -index 1' command is executed.
16:04:12 INFO  : 'fpga -state' command is executed.
16:04:12 INFO  : Connected to target on host '127.0.0.1' and port '3121'.
16:04:13 INFO  : Jtag cable 'Digilent Edge 210319A288EEA' is selected.
16:04:13 INFO  : 'jtag frequency' command is executed.
16:04:13 INFO  : Sourcing of 'D:/backup_files/edge_zynq_codes/EDGE_ZYNQ_7020_CODES/PS_EXAMPLES/OV5640_VGA1/OV5640_VGA1.sdk/design_1_wrapper_hw_platform_0/ps7_init.tcl' is done.
16:04:13 INFO  : Context for 'APU' is selected.
16:04:13 INFO  : Hardware design information is loaded from 'D:/backup_files/edge_zynq_codes/EDGE_ZYNQ_7020_CODES/PS_EXAMPLES/OV5640_VGA1/OV5640_VGA1.sdk/design_1_wrapper_hw_platform_0/system.hdf'.
16:04:13 INFO  : 'configparams force-mem-access 1' command is executed.
16:04:13 INFO  : Context for 'APU' is selected.
16:04:13 INFO  : 'stop' command is executed.
16:04:14 INFO  : 'ps7_init' command is executed.
16:04:14 INFO  : 'ps7_post_config' command is executed.
16:04:14 INFO  : Context for processor 'ps7_cortexa9_0' is selected.
16:04:14 INFO  : Processor reset is completed for 'ps7_cortexa9_0'.
16:04:14 INFO  : Context for processor 'ps7_cortexa9_0' is selected.
16:04:14 INFO  : The application 'D:/backup_files/edge_zynq_codes/EDGE_ZYNQ_7020_CODES/PS_EXAMPLES/OV5640_VGA1/OV5640_VGA1.sdk/OV5640_VGA/Debug/OV5640_VGA.elf' is downloaded to processor 'ps7_cortexa9_0'.
16:04:14 INFO  : 'configparams force-mem-access 0' command is executed.
16:04:14 INFO  : ----------------XSDB Script----------------
connect -url tcp:127.0.0.1:3121
source D:/backup_files/edge_zynq_codes/EDGE_ZYNQ_7020_CODES/PS_EXAMPLES/OV5640_VGA1/OV5640_VGA1.sdk/design_1_wrapper_hw_platform_0/ps7_init.tcl
targets -set -nocase -filter {name =~"APU*" && jtag_cable_name =~ "Digilent Edge 210319A288EEA"} -index 0
loadhw -hw D:/backup_files/edge_zynq_codes/EDGE_ZYNQ_7020_CODES/PS_EXAMPLES/OV5640_VGA1/OV5640_VGA1.sdk/design_1_wrapper_hw_platform_0/system.hdf -mem-ranges [list {0x40000000 0xbfffffff}]
configparams force-mem-access 1
targets -set -nocase -filter {name =~"APU*" && jtag_cable_name =~ "Digilent Edge 210319A288EEA"} -index 0
stop
ps7_init
ps7_post_config
targets -set -nocase -filter {name =~ "ARM*#0" && jtag_cable_name =~ "Digilent Edge 210319A288EEA"} -index 0
rst -processor
targets -set -nocase -filter {name =~ "ARM*#0" && jtag_cable_name =~ "Digilent Edge 210319A288EEA"} -index 0
dow D:/backup_files/edge_zynq_codes/EDGE_ZYNQ_7020_CODES/PS_EXAMPLES/OV5640_VGA1/OV5640_VGA1.sdk/OV5640_VGA/Debug/OV5640_VGA.elf
configparams force-mem-access 0
----------------End of Script----------------

16:04:14 INFO  : Memory regions updated for context APU
16:04:15 INFO  : Context for processor 'ps7_cortexa9_0' is selected.
16:04:15 INFO  : 'con' command is executed.
16:04:15 INFO  : ----------------XSDB Script (After Launch)----------------
targets -set -nocase -filter {name =~ "ARM*#0" && jtag_cable_name =~ "Digilent Edge 210319A288EEA"} -index 0
con
----------------End of Script----------------

16:04:15 INFO  : Launch script is exported to file 'D:\backup_files\edge_zynq_codes\EDGE_ZYNQ_7020_CODES\PS_EXAMPLES\OV5640_VGA1\OV5640_VGA1.sdk\.sdk\launch_scripts\xilinx_c-c++_application_(system_debugger)\system_debugger_using_debug_ov5640_vga.elf_on_local.tcl'
16:04:25 INFO  : Connected to target on host '127.0.0.1' and port '3121'.
16:04:26 INFO  : 'targets -set -filter {jtag_cable_name =~ "Digilent Edge 210319A288EEA" && level==0} -index 1' command is executed.
16:04:28 INFO  : FPGA configured successfully with bitstream "D:/backup_files/edge_zynq_codes/EDGE_ZYNQ_7020_CODES/PS_EXAMPLES/OV5640_VGA1/OV5640_VGA1.sdk/design_1_wrapper_hw_platform_0/design_1_wrapper.bit"
16:04:37 INFO  : Disconnected from the channel tcfchan#1.
16:04:38 INFO  : 'targets -set -filter {jtag_cable_name =~ "Digilent Edge 210319A288EEA" && level==0} -index 1' command is executed.
16:04:38 INFO  : 'fpga -state' command is executed.
16:04:38 INFO  : Connected to target on host '127.0.0.1' and port '3121'.
16:04:39 INFO  : Jtag cable 'Digilent Edge 210319A288EEA' is selected.
16:04:39 INFO  : 'jtag frequency' command is executed.
16:04:39 INFO  : Sourcing of 'D:/backup_files/edge_zynq_codes/EDGE_ZYNQ_7020_CODES/PS_EXAMPLES/OV5640_VGA1/OV5640_VGA1.sdk/design_1_wrapper_hw_platform_0/ps7_init.tcl' is done.
16:04:39 INFO  : Context for 'APU' is selected.
16:04:42 INFO  : Hardware design information is loaded from 'D:/backup_files/edge_zynq_codes/EDGE_ZYNQ_7020_CODES/PS_EXAMPLES/OV5640_VGA1/OV5640_VGA1.sdk/design_1_wrapper_hw_platform_0/system.hdf'.
16:04:42 INFO  : 'configparams force-mem-access 1' command is executed.
16:04:42 INFO  : Context for 'APU' is selected.
16:04:43 INFO  : 'stop' command is executed.
16:04:43 INFO  : 'ps7_init' command is executed.
16:04:43 INFO  : 'ps7_post_config' command is executed.
16:04:43 INFO  : Context for processor 'ps7_cortexa9_0' is selected.
16:04:43 INFO  : Processor reset is completed for 'ps7_cortexa9_0'.
16:04:43 INFO  : Context for processor 'ps7_cortexa9_0' is selected.
16:04:44 INFO  : The application 'D:/backup_files/edge_zynq_codes/EDGE_ZYNQ_7020_CODES/PS_EXAMPLES/OV5640_VGA1/OV5640_VGA1.sdk/OV5640_VGA/Debug/OV5640_VGA.elf' is downloaded to processor 'ps7_cortexa9_0'.
16:04:44 INFO  : 'configparams force-mem-access 0' command is executed.
16:04:44 INFO  : ----------------XSDB Script----------------
connect -url tcp:127.0.0.1:3121
source D:/backup_files/edge_zynq_codes/EDGE_ZYNQ_7020_CODES/PS_EXAMPLES/OV5640_VGA1/OV5640_VGA1.sdk/design_1_wrapper_hw_platform_0/ps7_init.tcl
targets -set -nocase -filter {name =~"APU*" && jtag_cable_name =~ "Digilent Edge 210319A288EEA"} -index 0
loadhw -hw D:/backup_files/edge_zynq_codes/EDGE_ZYNQ_7020_CODES/PS_EXAMPLES/OV5640_VGA1/OV5640_VGA1.sdk/design_1_wrapper_hw_platform_0/system.hdf -mem-ranges [list {0x40000000 0xbfffffff}]
configparams force-mem-access 1
targets -set -nocase -filter {name =~"APU*" && jtag_cable_name =~ "Digilent Edge 210319A288EEA"} -index 0
stop
ps7_init
ps7_post_config
targets -set -nocase -filter {name =~ "ARM*#0" && jtag_cable_name =~ "Digilent Edge 210319A288EEA"} -index 0
rst -processor
targets -set -nocase -filter {name =~ "ARM*#0" && jtag_cable_name =~ "Digilent Edge 210319A288EEA"} -index 0
dow D:/backup_files/edge_zynq_codes/EDGE_ZYNQ_7020_CODES/PS_EXAMPLES/OV5640_VGA1/OV5640_VGA1.sdk/OV5640_VGA/Debug/OV5640_VGA.elf
configparams force-mem-access 0
----------------End of Script----------------

16:04:44 INFO  : Memory regions updated for context APU
16:04:44 INFO  : Context for processor 'ps7_cortexa9_0' is selected.
16:04:44 INFO  : 'con' command is executed.
16:04:44 INFO  : ----------------XSDB Script (After Launch)----------------
targets -set -nocase -filter {name =~ "ARM*#0" && jtag_cable_name =~ "Digilent Edge 210319A288EEA"} -index 0
con
----------------End of Script----------------

16:04:44 INFO  : Launch script is exported to file 'D:\backup_files\edge_zynq_codes\EDGE_ZYNQ_7020_CODES\PS_EXAMPLES\OV5640_VGA1\OV5640_VGA1.sdk\.sdk\launch_scripts\xilinx_c-c++_application_(system_debugger)\system_debugger_using_debug_ov5640_vga.elf_on_local.tcl'
16:05:16 INFO  : Connected to target on host '127.0.0.1' and port '3121'.
16:05:18 INFO  : 'targets -set -filter {jtag_cable_name =~ "Digilent Edge 210319A288EEA" && level==0} -index 1' command is executed.
16:05:20 INFO  : FPGA configured successfully with bitstream "D:/backup_files/edge_zynq_codes/EDGE_ZYNQ_7020_CODES/PS_EXAMPLES/OV5640_VGA1/OV5640_VGA1.sdk/design_1_wrapper_hw_platform_0/design_1_wrapper.bit"
16:05:35 INFO  : Disconnected from the channel tcfchan#2.
16:05:36 INFO  : 'targets -set -filter {jtag_cable_name =~ "Digilent Edge 210319A288EEA" && level==0} -index 1' command is executed.
16:05:36 INFO  : 'fpga -state' command is executed.
16:05:36 INFO  : Connected to target on host '127.0.0.1' and port '3121'.
16:05:37 INFO  : Jtag cable 'Digilent Edge 210319A288EEA' is selected.
16:05:37 INFO  : 'jtag frequency' command is executed.
16:05:37 INFO  : Sourcing of 'D:/backup_files/edge_zynq_codes/EDGE_ZYNQ_7020_CODES/PS_EXAMPLES/OV5640_VGA1/OV5640_VGA1.sdk/design_1_wrapper_hw_platform_0/ps7_init.tcl' is done.
16:05:37 INFO  : Context for 'APU' is selected.
16:05:41 INFO  : Hardware design information is loaded from 'D:/backup_files/edge_zynq_codes/EDGE_ZYNQ_7020_CODES/PS_EXAMPLES/OV5640_VGA1/OV5640_VGA1.sdk/design_1_wrapper_hw_platform_0/system.hdf'.
16:05:41 INFO  : 'configparams force-mem-access 1' command is executed.
16:05:41 INFO  : Context for 'APU' is selected.
16:05:41 INFO  : 'stop' command is executed.
16:05:42 INFO  : 'ps7_init' command is executed.
16:05:42 INFO  : 'ps7_post_config' command is executed.
16:05:42 INFO  : Context for processor 'ps7_cortexa9_0' is selected.
16:05:42 INFO  : Processor reset is completed for 'ps7_cortexa9_0'.
16:05:42 INFO  : Context for processor 'ps7_cortexa9_0' is selected.
16:05:42 INFO  : The application 'D:/backup_files/edge_zynq_codes/EDGE_ZYNQ_7020_CODES/PS_EXAMPLES/OV5640_VGA1/OV5640_VGA1.sdk/OV5640_VGA/Debug/OV5640_VGA.elf' is downloaded to processor 'ps7_cortexa9_0'.
16:05:42 INFO  : 'configparams force-mem-access 0' command is executed.
16:05:42 INFO  : ----------------XSDB Script----------------
connect -url tcp:127.0.0.1:3121
source D:/backup_files/edge_zynq_codes/EDGE_ZYNQ_7020_CODES/PS_EXAMPLES/OV5640_VGA1/OV5640_VGA1.sdk/design_1_wrapper_hw_platform_0/ps7_init.tcl
targets -set -nocase -filter {name =~"APU*" && jtag_cable_name =~ "Digilent Edge 210319A288EEA"} -index 0
loadhw -hw D:/backup_files/edge_zynq_codes/EDGE_ZYNQ_7020_CODES/PS_EXAMPLES/OV5640_VGA1/OV5640_VGA1.sdk/design_1_wrapper_hw_platform_0/system.hdf -mem-ranges [list {0x40000000 0xbfffffff}]
configparams force-mem-access 1
targets -set -nocase -filter {name =~"APU*" && jtag_cable_name =~ "Digilent Edge 210319A288EEA"} -index 0
stop
ps7_init
ps7_post_config
targets -set -nocase -filter {name =~ "ARM*#0" && jtag_cable_name =~ "Digilent Edge 210319A288EEA"} -index 0
rst -processor
targets -set -nocase -filter {name =~ "ARM*#0" && jtag_cable_name =~ "Digilent Edge 210319A288EEA"} -index 0
dow D:/backup_files/edge_zynq_codes/EDGE_ZYNQ_7020_CODES/PS_EXAMPLES/OV5640_VGA1/OV5640_VGA1.sdk/OV5640_VGA/Debug/OV5640_VGA.elf
configparams force-mem-access 0
----------------End of Script----------------

16:05:42 INFO  : Memory regions updated for context APU
16:05:43 INFO  : Context for processor 'ps7_cortexa9_0' is selected.
16:05:43 INFO  : 'con' command is executed.
16:05:43 INFO  : ----------------XSDB Script (After Launch)----------------
targets -set -nocase -filter {name =~ "ARM*#0" && jtag_cable_name =~ "Digilent Edge 210319A288EEA"} -index 0
con
----------------End of Script----------------

16:05:43 INFO  : Launch script is exported to file 'D:\backup_files\edge_zynq_codes\EDGE_ZYNQ_7020_CODES\PS_EXAMPLES\OV5640_VGA1\OV5640_VGA1.sdk\.sdk\launch_scripts\xilinx_c-c++_application_(system_debugger)\system_debugger_using_debug_ov5640_vga.elf_on_local.tcl'
16:07:23 INFO  : Performance data for 'PS' has been exported to the file 'D:\backup_files\edge_zynq_codes\EDGE_ZYNQ_7020_CODES\PS_EXAMPLES\OV5640_VGA1\OV5640_VGA1.sdk\design_1_wrapper_hw_platform_0_Traces\Traces\Run_Dec-02_16-03\PS_Trace_Dec-02_16-03\trace'
16:07:23 WARN  : channel "tcfchan#1" closed
16:07:23 INFO  : Disconnected from the channel tcfchan#3.
16:18:55 INFO  : Registering command handlers for SDK TCF services
16:18:56 INFO  : Launching XSCT server: xsct.bat -interactive D:\backup_files\edge_zynq_codes\EDGE_ZYNQ_7020_CODES\PS_EXAMPLES\OV5640_VGA1\OV5640_VGA1.sdk\temp_xsdb_launch_script.tcl
16:18:59 INFO  : XSCT server has started successfully.
16:19:00 INFO  : Successfully done setting XSCT server connection channel  
16:19:00 INFO  : Successfully done setting SDK workspace  
16:20:46 INFO  : Connected to target on host '127.0.0.1' and port '3121'.
16:20:48 INFO  : 'targets -set -filter {jtag_cable_name =~ "Digilent Edge 210319A288EEA" && level==0} -index 1' command is executed.
16:20:50 INFO  : FPGA configured successfully with bitstream "D:/backup_files/edge_zynq_codes/EDGE_ZYNQ_7020_CODES/PS_EXAMPLES/OV5640_VGA1/OV5640_VGA1.sdk/design_1_wrapper_hw_platform_0/design_1_wrapper.bit"
19:03:37 INFO  : Registering command handlers for SDK TCF services
19:03:38 INFO  : Launching XSCT server: xsct.bat -interactive D:\backup_files\edge_zynq_codes\EDGE_ZYNQ_7020_CODES\PS_EXAMPLES\OV5640_VGA1\OV5640_VGA1.sdk\temp_xsdb_launch_script.tcl
19:03:41 INFO  : XSCT server has started successfully.
19:03:42 INFO  : Processing command line option -hwspec D:/backup_files/edge_zynq_codes/EDGE_ZYNQ_7020_CODES/PS_EXAMPLES/HDMI_SLIDE_SHOW/vdma_hdmi_out.sdk/design_1_wrapper.hdf.
19:03:42 INFO  : Successfully done setting XSCT server connection channel  
19:03:42 INFO  : Successfully done setting SDK workspace  
19:17:10 INFO  : Invoking Bootgen: bootgen -image FSBL.bif -arch zynq -o D:\backup_files\edge_zynq_codes\EDGE_ZYNQ_7020_CODES\PS_EXAMPLES\OV5640_VGA1\OV5640_VGA1.sdk\FSBL\bootimage\BOOT.bin
19:17:10 INFO  : Creating new bif file D:\backup_files\edge_zynq_codes\EDGE_ZYNQ_7020_CODES\PS_EXAMPLES\OV5640_VGA1\OV5640_VGA1.sdk\FSBL\bootimage\FSBL.bif
19:17:12 INFO  : Bootgen command execution is done.
