10:46:26 INFO  : Registering command handlers for SDK TCF services
10:46:28 INFO  : Launching XSCT server: xsct.bat -interactive D:\backup_files\edge_zynq_codes\EDGE_ZYNQ_7020_CODES\PS_EXAMPLES\TFT_XADC1\TFT_XADC1.sdk\temp_xsdb_launch_script.tcl
10:46:32 INFO  : XSCT server has started successfully.
10:46:36 INFO  : Successfully done setting XSCT server connection channel  
10:46:36 INFO  : Processing command line option -hwspec D:/backup_files/edge_zynq_codes/EDGE_ZYNQ_7020_CODES/PS_EXAMPLES/TFT_XADC1/TFT_XADC1.sdk/design_1_wrapper.hdf.
10:46:36 INFO  : Successfully done setting SDK workspace  
10:49:37 INFO  : Connected to target on host '127.0.0.1' and port '3121'.
10:49:39 INFO  : 'targets -set -filter {jtag_cable_name =~ "Digilent Edge 210319A288EEA" && level==0} -index 1' command is executed.
10:49:42 INFO  : FPGA configured successfully with bitstream "D:/backup_files/edge_zynq_codes/EDGE_ZYNQ_7020_CODES/PS_EXAMPLES/TFT_XADC1/TFT_XADC1.sdk/design_1_wrapper_hw_platform_0/design_1_wrapper.bit"
10:50:07 INFO  : 'targets -set -filter {jtag_cable_name =~ "Digilent Edge 210319A288EEA" && level==0} -index 1' command is executed.
10:50:07 INFO  : 'fpga -state' command is executed.
10:50:07 INFO  : Connected to target on host '127.0.0.1' and port '3121'.
10:50:07 INFO  : Jtag cable 'Digilent Edge 210319A288EEA' is selected.
10:50:08 INFO  : 'jtag frequency' command is executed.
10:50:08 INFO  : Sourcing of 'D:/backup_files/edge_zynq_codes/EDGE_ZYNQ_7020_CODES/PS_EXAMPLES/TFT_XADC1/TFT_XADC1.sdk/design_1_wrapper_hw_platform_0/ps7_init.tcl' is done.
10:50:08 INFO  : Context for 'APU' is selected.
10:50:08 INFO  : Hardware design information is loaded from 'D:/backup_files/edge_zynq_codes/EDGE_ZYNQ_7020_CODES/PS_EXAMPLES/TFT_XADC1/TFT_XADC1.sdk/design_1_wrapper_hw_platform_0/system.hdf'.
10:50:08 INFO  : 'configparams force-mem-access 1' command is executed.
10:50:08 INFO  : Context for 'APU' is selected.
10:50:08 INFO  : 'stop' command is executed.
10:50:08 INFO  : 'ps7_init' command is executed.
10:50:08 INFO  : 'ps7_post_config' command is executed.
10:50:08 INFO  : Context for processor 'ps7_cortexa9_0' is selected.
10:50:08 INFO  : Processor reset is completed for 'ps7_cortexa9_0'.
10:50:08 INFO  : Context for processor 'ps7_cortexa9_0' is selected.
10:50:09 INFO  : The application 'D:/backup_files/edge_zynq_codes/EDGE_ZYNQ_7020_CODES/PS_EXAMPLES/TFT_XADC1/TFT_XADC1.sdk/TFT_XADC/Debug/TFT_XADC.elf' is downloaded to processor 'ps7_cortexa9_0'.
10:50:09 INFO  : 'configparams force-mem-access 0' command is executed.
10:50:09 INFO  : ----------------XSDB Script----------------
connect -url tcp:127.0.0.1:3121
source D:/backup_files/edge_zynq_codes/EDGE_ZYNQ_7020_CODES/PS_EXAMPLES/TFT_XADC1/TFT_XADC1.sdk/design_1_wrapper_hw_platform_0/ps7_init.tcl
targets -set -nocase -filter {name =~"APU*" && jtag_cable_name =~ "Digilent Edge 210319A288EEA"} -index 0
loadhw -hw D:/backup_files/edge_zynq_codes/EDGE_ZYNQ_7020_CODES/PS_EXAMPLES/TFT_XADC1/TFT_XADC1.sdk/design_1_wrapper_hw_platform_0/system.hdf -mem-ranges [list {0x40000000 0xbfffffff}]
configparams force-mem-access 1
targets -set -nocase -filter {name =~"APU*" && jtag_cable_name =~ "Digilent Edge 210319A288EEA"} -index 0
stop
ps7_init
ps7_post_config
targets -set -nocase -filter {name =~ "ARM*#0" && jtag_cable_name =~ "Digilent Edge 210319A288EEA"} -index 0
rst -processor
targets -set -nocase -filter {name =~ "ARM*#0" && jtag_cable_name =~ "Digilent Edge 210319A288EEA"} -index 0
dow D:/backup_files/edge_zynq_codes/EDGE_ZYNQ_7020_CODES/PS_EXAMPLES/TFT_XADC1/TFT_XADC1.sdk/TFT_XADC/Debug/TFT_XADC.elf
configparams force-mem-access 0
----------------End of Script----------------

10:50:09 INFO  : Memory regions updated for context APU
10:50:09 INFO  : Context for processor 'ps7_cortexa9_0' is selected.
10:50:09 INFO  : 'con' command is executed.
10:50:09 INFO  : ----------------XSDB Script (After Launch)----------------
targets -set -nocase -filter {name =~ "ARM*#0" && jtag_cable_name =~ "Digilent Edge 210319A288EEA"} -index 0
con
----------------End of Script----------------

10:50:09 INFO  : Launch script is exported to file 'D:\backup_files\edge_zynq_codes\EDGE_ZYNQ_7020_CODES\PS_EXAMPLES\TFT_XADC1\TFT_XADC1.sdk\.sdk\launch_scripts\xilinx_c-c++_application_(system_debugger)\system_debugger_using_debug_tft_xadc.elf_on_local.tcl'
10:52:25 INFO  : Invoking Bootgen: bootgen -image FSBL.bif -arch zynq -o D:\backup_files\edge_zynq_codes\EDGE_ZYNQ_7020_CODES\PS_EXAMPLES\TFT_XADC1\TFT_XADC1.sdk\FSBL\bootimage\BOOT.bin
10:52:25 INFO  : Creating new bif file D:\backup_files\edge_zynq_codes\EDGE_ZYNQ_7020_CODES\PS_EXAMPLES\TFT_XADC1\TFT_XADC1.sdk\FSBL\bootimage\FSBL.bif
10:52:28 INFO  : Bootgen command execution is done.
11:03:50 INFO  : Refreshed build settings on project TFT_XADC
11:06:20 INFO  : Invoking Bootgen: bootgen -image FSBL.bif -arch zynq -o D:\backup_files\edge_zynq_codes\EDGE_ZYNQ_7020_CODES\PS_EXAMPLES\TFT_XADC1\TFT_XADC1.sdk\FSBL\bootimage\BOOT.bin
11:06:20 INFO  : Creating new bif file D:\backup_files\edge_zynq_codes\EDGE_ZYNQ_7020_CODES\PS_EXAMPLES\TFT_XADC1\TFT_XADC1.sdk\FSBL\bootimage\FSBL.bif
11:06:23 INFO  : Bootgen command execution is done.
11:08:58 INFO  : Disconnected from the channel tcfchan#1.
