#-----------------------------------------------------------
# Webtalk v2019.1 (64-bit)
# SW Build 2552052 on Fri May 24 14:49:42 MDT 2019
# 
# Start of session at: Wed Dec  2 18:00:14 2020
# Process ID: 15948
# Current directory: D:/backup_files/edge_zynq_codes/EDGE_ZYNQ_7020_CODES/PS_EXAMPLES/HDMI_SLIDE_SHOW/vdma_hdmi_out.sdk/webtalk
# Command line: wbtcv.exe -mode batch -source sdk_webtalk.tcl
# Log file: D:/backup_files/edge_zynq_codes/EDGE_ZYNQ_7020_CODES/PS_EXAMPLES/HDMI_SLIDE_SHOW/vdma_hdmi_out.sdk/webtalk/webtalk.log
# Journal file: D:/backup_files/edge_zynq_codes/EDGE_ZYNQ_7020_CODES/PS_EXAMPLES/HDMI_SLIDE_SHOW/vdma_hdmi_out.sdk/webtalk\webtalk.jou
#-----------------------------------------------------------
source sdk_webtalk.tcl
# webtalk_init -webtalk_dir D:\\backup_files\\edge_zynq_codes\\EDGE_ZYNQ_7020_CODES\\PS_EXAMPLES\\HDMI_SLIDE_SHOW\\vdma_hdmi_out.sdk\\webtalk
# webtalk_register_client -client project
# webtalk_add_data -client project -key date_generated -value "2020-12-02 18:00:11" -context "software_version_and_target_device"
# webtalk_add_data -client project -key product_version -value "SDK v2019.1" -context "software_version_and_target_device"
# webtalk_add_data -client project -key build_version -value "2019.1" -context "software_version_and_target_device"
# webtalk_add_data -client project -key os_platform -value "amd64" -context "software_version_and_target_device"
# webtalk_add_data -client project -key registration_id -value "211698955_0_0_747" -context "software_version_and_target_device"
# webtalk_add_data -client project -key tool_flow -value "SDK" -context "software_version_and_target_device"
# webtalk_add_data -client project -key beta -value "false" -context "software_version_and_target_device"
# webtalk_add_data -client project -key route_design -value "NA" -context "software_version_and_target_device"
# webtalk_add_data -client project -key target_family -value "NA" -context "software_version_and_target_device"
# webtalk_add_data -client project -key target_device -value "NA" -context "software_version_and_target_device"
# webtalk_add_data -client project -key target_package -value "NA" -context "software_version_and_target_device"
# webtalk_add_data -client project -key target_speed -value "NA" -context "software_version_and_target_device"
# webtalk_add_data -client project -key random_id -value "m9ff568dq68nto4q17os35sa6h" -context "software_version_and_target_device"
# webtalk_add_data -client project -key project_id -value "2019.1_92" -context "software_version_and_target_device"
# webtalk_add_data -client project -key project_iteration -value "92" -context "software_version_and_target_device"
# webtalk_add_data -client project -key os_name -value "Microsoft Windows 8 or later , 64-bit" -context "user_environment"
# webtalk_add_data -client project -key os_release -value "major release  (build 9200)" -context "user_environment"
# webtalk_add_data -client project -key cpu_name -value "Intel(R) Core(TM) i5-3210M CPU @ 2.50GHz" -context "user_environment"
# webtalk_add_data -client project -key cpu_speed -value "2494 MHz" -context "user_environment"
# webtalk_add_data -client project -key total_processors -value "1" -context "user_environment"
# webtalk_add_data -client project -key system_ram -value "6.320 GB" -context "user_environment"
# webtalk_register_client -client sdk
# webtalk_add_data -client sdk -key uid -value "1606911570382" -context "sdk\\\\bsp/1606911570382"
# webtalk_add_data -client sdk -key hwid -value "1606893708042" -context "sdk\\\\bsp/1606911570382"
# webtalk_add_data -client sdk -key os -value "standalone" -context "sdk\\\\bsp/1606911570382"
# webtalk_add_data -client sdk -key apptemplate -value "zynq_fsbl" -context "sdk\\\\bsp/1606911570382"
# webtalk_add_data -client sdk -key RecordType -value "BSPCreation" -context "sdk\\\\bsp/1606911570382"
# webtalk_add_data -client sdk -key uid -value "1606911587780" -context "sdk\\\\application/1606911587780"
# webtalk_add_data -client sdk -key hwid -value "1606893708042" -context "sdk\\\\application/1606911587780"
# webtalk_add_data -client sdk -key bspid -value "1606911570382" -context "sdk\\\\application/1606911587780"
# webtalk_add_data -client sdk -key newbsp -value "true" -context "sdk\\\\application/1606911587780"
# webtalk_add_data -client sdk -key os -value "standalone" -context "sdk\\\\application/1606911587780"
# webtalk_add_data -client sdk -key apptemplate -value "zynq_fsbl" -context "sdk\\\\application/1606911587780"
# webtalk_add_data -client sdk -key RecordType -value "APPCreation" -context "sdk\\\\application/1606911587780"
# webtalk_add_data -client sdk -key LangUsed -value "C" -context "sdk\\\\application/1606911587780"
# webtalk_add_data -client sdk -key Procused -value "ps7_cortexa9" -context "sdk\\\\application/1606911587780"
# webtalk_add_data -client sdk -key projSize -value "639.62890625" -context "sdk\\\\application/1606911587780"
# webtalk_add_data -client sdk -key uid -value "NA" -context "sdk\\\\bsp/1606912211576"
# webtalk_add_data -client sdk -key RecordType -value "ToolUsage" -context "sdk\\\\bsp/1606912211576"
# webtalk_add_data -client sdk -key BootgenCount -value "1" -context "sdk\\\\bsp/1606912211576"
# webtalk_add_data -client sdk -key DebugCount -value "0" -context "sdk\\\\bsp/1606912211576"
# webtalk_add_data -client sdk -key PerfCount -value "0" -context "sdk\\\\bsp/1606912211576"
# webtalk_add_data -client sdk -key FlashCount -value "1" -context "sdk\\\\bsp/1606912211576"
# webtalk_add_data -client sdk -key CrossTriggCount -value "0" -context "sdk\\\\bsp/1606912211576"
# webtalk_add_data -client sdk -key QemuDebugCount -value "0" -context "sdk\\\\bsp/1606912211576"
# webtalk_transmit -clientid 2845859168 -regid "211698955_0_0_747" -xml D:\\backup_files\\edge_zynq_codes\\EDGE_ZYNQ_7020_CODES\\PS_EXAMPLES\\HDMI_SLIDE_SHOW\\vdma_hdmi_out.sdk\\webtalk\\usage_statistics_ext_sdk.xml -html D:\\backup_files\\edge_zynq_codes\\EDGE_ZYNQ_7020_CODES\\PS_EXAMPLES\\HDMI_SLIDE_SHOW\\vdma_hdmi_out.sdk\\webtalk\\usage_statistics_ext_sdk.html -wdm D:\\backup_files\\edge_zynq_codes\\EDGE_ZYNQ_7020_CODES\\PS_EXAMPLES\\HDMI_SLIDE_SHOW\\vdma_hdmi_out.sdk\\webtalk\\sdk_webtalk.wdm -intro "<H3>SDK Usage Report</H3><BR>"
INFO: [Common 17-186] 'D:\backup_files\edge_zynq_codes\EDGE_ZYNQ_7020_CODES\PS_EXAMPLES\HDMI_SLIDE_SHOW\vdma_hdmi_out.sdk\webtalk\usage_statistics_ext_sdk.xml' has been successfully sent to Xilinx on Wed Dec  2 18:00:33 2020. For additional details about this file, please refer to the WebTalk help file at C:/Xilinx/SDK/2019.1/doc/webtalk_introduction.html.
# webtalk_terminate
INFO: [Common 17-206] Exiting Webtalk at Wed Dec  2 18:00:33 2020...
